<?xml version="1.0" encoding="utf-8"?>
<test-run id="2" testcasecount="149" result="Failed(Child)" total="149" passed="147" failed="1" inconclusive="0" skipped="1" asserts="0" engine-version="3.5.0.0" clr-version="4.0.30319.42000" start-time="2026-07-24 07:28:16Z" end-time="2026-07-24 07:28:17Z" duration="1.1073221">
  <test-suite type="TestSuite" id="1000" name="ポノのあそびば" fullname="ポノのあそびば" runstate="Runnable" testcasecount="149" result="Failed" site="Child" start-time="2026-07-24 07:28:16Z" end-time="2026-07-24 07:28:17Z" duration="1.107322" total="149" passed="147" failed="1" inconclusive="0" skipped="1" asserts="0">
    <properties>
      <property name="platform" value="EditMode" />
    </properties>
    <failure>
      <message><![CDATA[One or more child tests had errors]]></message>
    </failure>
    <test-suite type="Assembly" id="1028" name="Pono.ColorWaterDelivery.Tests.EditMode.dll" fullname="/Users/ndw_mac/AppDevelopment/pono-asobiba-app/unity/PonoNativeGames/Library/ScriptAssemblies/Pono.ColorWaterDelivery.Tests.EditMode.dll" runstate="Runnable" testcasecount="25" result="Passed" start-time="2026-07-24 07:28:16Z" end-time="2026-07-24 07:28:16Z" duration="0.283319" total="25" passed="25" failed="0" inconclusive="0" skipped="0" asserts="0">
      <properties>
        <property name="_PID" value="87432" />
        <property name="_APPDOMAIN" value="Unity Child Domain" />
        <property name="platform" value="EditMode" />
        <property name="EditorOnly" value="True" />
      </properties>
      <test-suite type="TestSuite" id="1029" name="Pono" fullname="Pono" runstate="Runnable" testcasecount="25" result="Passed" start-time="2026-07-24 07:28:16Z" end-time="2026-07-24 07:28:16Z" duration="0.280811" total="25" passed="25" failed="0" inconclusive="0" skipped="0" asserts="0">
        <properties />
        <test-suite type="TestSuite" id="1030" name="ColorWaterDelivery" fullname="Pono.ColorWaterDelivery" runstate="Runnable" testcasecount="25" result="Passed" start-time="2026-07-24 07:28:16Z" end-time="2026-07-24 07:28:16Z" duration="0.280380" total="25" passed="25" failed="0" inconclusive="0" skipped="0" asserts="0">
          <properties />
          <test-suite type="TestSuite" id="1031" name="Tests" fullname="Pono.ColorWaterDelivery.Tests" runstate="Runnable" testcasecount="25" result="Passed" start-time="2026-07-24 07:28:16Z" end-time="2026-07-24 07:28:16Z" duration="0.280076" total="25" passed="25" failed="0" inconclusive="0" skipped="0" asserts="0">
            <properties />
            <test-suite type="TestSuite" id="1032" name="EditMode" fullname="Pono.ColorWaterDelivery.Tests.EditMode" runstate="Runnable" testcasecount="25" result="Passed" start-time="2026-07-24 07:28:16Z" end-time="2026-07-24 07:28:16Z" duration="0.279675" total="25" passed="25" failed="0" inconclusive="0" skipped="0" asserts="0">
              <properties />
              <test-suite type="TestFixture" id="1001" name="ColorWaterDeliveryModelTests" fullname="Pono.ColorWaterDelivery.Tests.EditMode.ColorWaterDeliveryModelTests" classname="Pono.ColorWaterDelivery.Tests.EditMode.ColorWaterDeliveryModelTests" runstate="Runnable" testcasecount="18" result="Passed" start-time="2026-07-24 07:28:16Z" end-time="2026-07-24 07:28:16Z" duration="0.276132" total="18" passed="18" failed="0" inconclusive="0" skipped="0" asserts="0">
                <properties />
                <test-case id="1004" name="BalancedBlueAndYellow_AccumulatesGreenProgress" fullname="Pono.ColorWaterDelivery.Tests.EditMode.ColorWaterDeliveryModelTests.BalancedBlueAndYellow_AccumulatesGreenProgress" methodname="BalancedBlueAndYellow_AccumulatesGreenProgress" classname="Pono.ColorWaterDelivery.Tests.EditMode.ColorWaterDeliveryModelTests" runstate="Runnable" seed="1374357238" result="Passed" start-time="2026-07-24 07:28:16Z" end-time="2026-07-24 07:28:16Z" duration="0.035418" asserts="0">
                  <properties>
                    <property name="retryIteration" value="0" />
                    <property name="repeatIteration" value="0" />
                  </properties>
                </test-case>
                <test-case id="1006" name="BlueDominantDelivery_RequestsYellowWithoutFailure" fullname="Pono.ColorWaterDelivery.Tests.EditMode.ColorWaterDeliveryModelTests.BlueDominantDelivery_RequestsYellowWithoutFailure" methodname="BlueDominantDelivery_RequestsYellowWithoutFailure" classname="Pono.ColorWaterDelivery.Tests.EditMode.ColorWaterDeliveryModelTests" runstate="Runnable" seed="2117826877" result="Passed" start-time="2026-07-24 07:28:16Z" end-time="2026-07-24 07:28:16Z" duration="0.000503" asserts="0">
                  <properties>
                    <property name="retryIteration" value="0" />
                    <property name="repeatIteration" value="0" />
                  </properties>
                </test-case>
                <test-case id="1011" name="CompletedStage_IsTerminalUntilReset" fullname="Pono.ColorWaterDelivery.Tests.EditMode.ColorWaterDeliveryModelTests.CompletedStage_IsTerminalUntilReset" methodname="CompletedStage_IsTerminalUntilReset" classname="Pono.ColorWaterDelivery.Tests.EditMode.ColorWaterDeliveryModelTests" runstate="Runnable" seed="1532153599" result="Passed" start-time="2026-07-24 07:28:16Z" end-time="2026-07-24 07:28:16Z" duration="0.001152" asserts="0">
                  <properties>
                    <property name="retryIteration" value="0" />
                    <property name="repeatIteration" value="0" />
                  </properties>
                </test-case>
                <test-case id="1010" name="CompletionEvent_RaisesOnceAfterProcessedEventWithCompleteSnapshot" fullname="Pono.ColorWaterDelivery.Tests.EditMode.ColorWaterDeliveryModelTests.CompletionEvent_RaisesOnceAfterProcessedEventWithCompleteSnapshot" methodname="CompletionEvent_RaisesOnceAfterProcessedEventWithCompleteSnapshot" classname="Pono.ColorWaterDelivery.Tests.EditMode.ColorWaterDeliveryModelTests" runstate="Runnable" seed="1640411517" result="Passed" start-time="2026-07-24 07:28:16Z" end-time="2026-07-24 07:28:16Z" duration="0.009778" asserts="0">
                  <properties>
                    <property name="retryIteration" value="0" />
                    <property name="repeatIteration" value="0" />
                  </properties>
                </test-case>
                <test-case id="1002" name="Constructor_AcceptsTwoOrThreeUniqueGatesOnly" fullname="Pono.ColorWaterDelivery.Tests.EditMode.ColorWaterDeliveryModelTests.Constructor_AcceptsTwoOrThreeUniqueGatesOnly" methodname="Constructor_AcceptsTwoOrThreeUniqueGatesOnly" classname="Pono.ColorWaterDelivery.Tests.EditMode.ColorWaterDeliveryModelTests" runstate="Runnable" seed="766592793" result="Passed" start-time="2026-07-24 07:28:16Z" end-time="2026-07-24 07:28:16Z" duration="0.002082" asserts="0">
                  <properties>
                    <property name="retryIteration" value="0" />
                    <property name="repeatIteration" value="0" />
                  </properties>
                </test-case>
                <test-case id="1008" name="EmptyAndTooLittleDeliveries_DoNotCountAsWrongColours" fullname="Pono.ColorWaterDelivery.Tests.EditMode.ColorWaterDeliveryModelTests.EmptyAndTooLittleDeliveries_DoNotCountAsWrongColours" methodname="EmptyAndTooLittleDeliveries_DoNotCountAsWrongColours" classname="Pono.ColorWaterDelivery.Tests.EditMode.ColorWaterDeliveryModelTests" runstate="Runnable" seed="1819768704" result="Passed" start-time="2026-07-24 07:28:16Z" end-time="2026-07-24 07:28:16Z" duration="0.000332" asserts="0">
                  <properties>
                    <property name="retryIteration" value="0" />
                    <property name="repeatIteration" value="0" />
                  </properties>
                </test-case>
                <test-case id="1014" name="FourWayGate_CyclesInDeclaredOrderAndWraps" fullname="Pono.ColorWaterDelivery.Tests.EditMode.ColorWaterDeliveryModelTests.FourWayGate_CyclesInDeclaredOrderAndWraps" methodname="FourWayGate_CyclesInDeclaredOrderAndWraps" classname="Pono.ColorWaterDelivery.Tests.EditMode.ColorWaterDeliveryModelTests" runstate="Runnable" seed="1556956961" result="Passed" start-time="2026-07-24 07:28:16Z" end-time="2026-07-24 07:28:16Z" duration="0.000409" asserts="0">
                  <properties>
                    <property name="retryIteration" value="0" />
                    <property name="repeatIteration" value="0" />
                  </properties>
                </test-case>
                <test-case id="1017" name="GateChangedEvent_ReportsPreviousCurrentAndWholeSnapshot" fullname="Pono.ColorWaterDelivery.Tests.EditMode.ColorWaterDeliveryModelTests.GateChangedEvent_ReportsPreviousCurrentAndWholeSnapshot" methodname="GateChangedEvent_ReportsPreviousCurrentAndWholeSnapshot" classname="Pono.ColorWaterDelivery.Tests.EditMode.ColorWaterDeliveryModelTests" runstate="Runnable" seed="282349665" result="Passed" start-time="2026-07-24 07:28:16Z" end-time="2026-07-24 07:28:16Z" duration="0.000994" asserts="0">
                  <properties>
                    <property name="retryIteration" value="0" />
                    <property name="repeatIteration" value="0" />
                  </properties>
                </test-case>
                <test-case id="1005" name="GreenToleranceBoundary_IsAccepted" fullname="Pono.ColorWaterDelivery.Tests.EditMode.ColorWaterDeliveryModelTests.GreenToleranceBoundary_IsAccepted" methodname="GreenToleranceBoundary_IsAccepted" classname="Pono.ColorWaterDelivery.Tests.EditMode.ColorWaterDeliveryModelTests" runstate="Runnable" seed="2139006175" result="Passed" start-time="2026-07-24 07:28:16Z" end-time="2026-07-24 07:28:16Z" duration="0.000163" asserts="0">
                  <properties>
                    <property name="retryIteration" value="0" />
                    <property name="repeatIteration" value="0" />
                  </properties>
                </test-case>
                <test-case id="1003" name="InitialSnapshot_IsRunningAndContainsGateState" fullname="Pono.ColorWaterDelivery.Tests.EditMode.ColorWaterDeliveryModelTests.InitialSnapshot_IsRunningAndContainsGateState" methodname="InitialSnapshot_IsRunningAndContainsGateState" classname="Pono.ColorWaterDelivery.Tests.EditMode.ColorWaterDeliveryModelTests" runstate="Runnable" seed="1626522597" result="Passed" start-time="2026-07-24 07:28:16Z" end-time="2026-07-24 07:28:16Z" duration="0.000208" asserts="0">
                  <properties>
                    <property name="retryIteration" value="0" />
                    <property name="repeatIteration" value="0" />
                  </properties>
                </test-case>
                <test-case id="1009" name="MultipleGreenBatches_CompleteCumulativelyAndClampOverDelivery" fullname="Pono.ColorWaterDelivery.Tests.EditMode.ColorWaterDeliveryModelTests.MultipleGreenBatches_CompleteCumulativelyAndClampOverDelivery" methodname="MultipleGreenBatches_CompleteCumulativelyAndClampOverDelivery" classname="Pono.ColorWaterDelivery.Tests.EditMode.ColorWaterDeliveryModelTests" runstate="Runnable" seed="1657094364" result="Passed" start-time="2026-07-24 07:28:16Z" end-time="2026-07-24 07:28:16Z" duration="0.000202" asserts="0">
                  <properties>
                    <property name="retryIteration" value="0" />
                    <property name="repeatIteration" value="0" />
                  </properties>
                </test-case>
                <test-case id="1012" name="Pause_BlocksDeliveryAndGateInputUntilResumed" fullname="Pono.ColorWaterDelivery.Tests.EditMode.ColorWaterDeliveryModelTests.Pause_BlocksDeliveryAndGateInputUntilResumed" methodname="Pause_BlocksDeliveryAndGateInputUntilResumed" classname="Pono.ColorWaterDelivery.Tests.EditMode.ColorWaterDeliveryModelTests" runstate="Runnable" seed="396509362" result="Passed" start-time="2026-07-24 07:28:16Z" end-time="2026-07-24 07:28:16Z" duration="0.000218" asserts="0">
                  <properties>
                    <property name="retryIteration" value="0" />
                    <property name="repeatIteration" value="0" />
                  </properties>
                </test-case>
                <test-case id="1013" name="PauseChangedEvent_CarriesCoherentSnapshot" fullname="Pono.ColorWaterDelivery.Tests.EditMode.ColorWaterDeliveryModelTests.PauseChangedEvent_CarriesCoherentSnapshot" methodname="PauseChangedEvent_CarriesCoherentSnapshot" classname="Pono.ColorWaterDelivery.Tests.EditMode.ColorWaterDeliveryModelTests" runstate="Runnable" seed="642377264" result="Passed" start-time="2026-07-24 07:28:16Z" end-time="2026-07-24 07:28:16Z" duration="0.000224" asserts="0">
                  <properties>
                    <property name="retryIteration" value="0" />
                    <property name="repeatIteration" value="0" />
                  </properties>
                </test-case>
                <test-case id="1019" name="Reset_ReopensACompletedStage" fullname="Pono.ColorWaterDelivery.Tests.EditMode.ColorWaterDeliveryModelTests.Reset_ReopensACompletedStage" methodname="Reset_ReopensACompletedStage" classname="Pono.ColorWaterDelivery.Tests.EditMode.ColorWaterDeliveryModelTests" runstate="Runnable" seed="25950306" result="Passed" start-time="2026-07-24 07:28:16Z" end-time="2026-07-24 07:28:16Z" duration="0.000227" asserts="0">
                  <properties>
                    <property name="retryIteration" value="0" />
                    <property name="repeatIteration" value="0" />
                  </properties>
                </test-case>
                <test-case id="1018" name="Reset_RestoresProgressPauseCountersAndInitialGates" fullname="Pono.ColorWaterDelivery.Tests.EditMode.ColorWaterDeliveryModelTests.Reset_RestoresProgressPauseCountersAndInitialGates" methodname="Reset_RestoresProgressPauseCountersAndInitialGates" classname="Pono.ColorWaterDelivery.Tests.EditMode.ColorWaterDeliveryModelTests" runstate="Runnable" seed="924168209" result="Passed" start-time="2026-07-24 07:28:16Z" end-time="2026-07-24 07:28:16Z" duration="0.000458" asserts="0">
                  <properties>
                    <property name="retryIteration" value="0" />
                    <property name="repeatIteration" value="0" />
                  </properties>
                </test-case>
                <test-case id="1015" name="TwoWayGate_OnlyAcceptsItsDeclaredDirections" fullname="Pono.ColorWaterDelivery.Tests.EditMode.ColorWaterDeliveryModelTests.TwoWayGate_OnlyAcceptsItsDeclaredDirections" methodname="TwoWayGate_OnlyAcceptsItsDeclaredDirections" classname="Pono.ColorWaterDelivery.Tests.EditMode.ColorWaterDeliveryModelTests" runstate="Runnable" seed="1393087822" result="Passed" start-time="2026-07-24 07:28:16Z" end-time="2026-07-24 07:28:16Z" duration="0.000638" asserts="0">
                  <properties>
                    <property name="retryIteration" value="0" />
                    <property name="repeatIteration" value="0" />
                  </properties>
                </test-case>
                <test-case id="1016" name="UnknownGateInput_IsRejectedWithoutMutation" fullname="Pono.ColorWaterDelivery.Tests.EditMode.ColorWaterDeliveryModelTests.UnknownGateInput_IsRejectedWithoutMutation" methodname="UnknownGateInput_IsRejectedWithoutMutation" classname="Pono.ColorWaterDelivery.Tests.EditMode.ColorWaterDeliveryModelTests" runstate="Runnable" seed="1406095479" result="Passed" start-time="2026-07-24 07:28:16Z" end-time="2026-07-24 07:28:16Z" duration="0.000346" asserts="0">
                  <properties>
                    <property name="retryIteration" value="0" />
                    <property name="repeatIteration" value="0" />
                  </properties>
                </test-case>
                <test-case id="1007" name="YellowDominantDelivery_RequestsBlueAndPlayContinues" fullname="Pono.ColorWaterDelivery.Tests.EditMode.ColorWaterDeliveryModelTests.YellowDominantDelivery_RequestsBlueAndPlayContinues" methodname="YellowDominantDelivery_RequestsBlueAndPlayContinues" classname="Pono.ColorWaterDelivery.Tests.EditMode.ColorWaterDeliveryModelTests" runstate="Runnable" seed="416854086" result="Passed" start-time="2026-07-24 07:28:16Z" end-time="2026-07-24 07:28:16Z" duration="0.000181" asserts="0">
                  <properties>
                    <property name="retryIteration" value="0" />
                    <property name="repeatIteration" value="0" />
                  </properties>
                </test-case>
              </test-suite>
              <test-suite type="TestFixture" id="1020" name="ColorWaterDeliveryValueTests" fullname="Pono.ColorWaterDelivery.Tests.EditMode.ColorWaterDeliveryValueTests" classname="Pono.ColorWaterDelivery.Tests.EditMode.ColorWaterDeliveryValueTests" runstate="Runnable" testcasecount="7" result="Passed" start-time="2026-07-24 07:28:16Z" end-time="2026-07-24 07:28:16Z" duration="0.002532" total="7" passed="7" failed="0" inconclusive="0" skipped="0" asserts="0">
                <properties />
                <test-case id="1022" name="EmptyWaterMixture_HasSafeZeroRatios" fullname="Pono.ColorWaterDelivery.Tests.EditMode.ColorWaterDeliveryValueTests.EmptyWaterMixture_HasSafeZeroRatios" methodname="EmptyWaterMixture_HasSafeZeroRatios" classname="Pono.ColorWaterDelivery.Tests.EditMode.ColorWaterDeliveryValueTests" runstate="Runnable" seed="12702576" result="Passed" start-time="2026-07-24 07:28:16Z" end-time="2026-07-24 07:28:16Z" duration="0.000178" asserts="0">
                  <properties>
                    <property name="retryIteration" value="0" />
                    <property name="repeatIteration" value="0" />
                  </properties>
                </test-case>
                <test-case id="1027" name="LeafGateDefinition_CopiesDirectionInput" fullname="Pono.ColorWaterDelivery.Tests.EditMode.ColorWaterDeliveryValueTests.LeafGateDefinition_CopiesDirectionInput" methodname="LeafGateDefinition_CopiesDirectionInput" classname="Pono.ColorWaterDelivery.Tests.EditMode.ColorWaterDeliveryValueTests" runstate="Runnable" seed="681214085" result="Passed" start-time="2026-07-24 07:28:16Z" end-time="2026-07-24 07:28:16Z" duration="0.000436" asserts="0">
                  <properties>
                    <property name="retryIteration" value="0" />
                    <property name="repeatIteration" value="0" />
                  </properties>
                </test-case>
                <test-case id="1025" name="LeafGateDefinition_RequiresExactlyTwoOrFourUniqueDirections" fullname="Pono.ColorWaterDelivery.Tests.EditMode.ColorWaterDeliveryValueTests.LeafGateDefinition_RequiresExactlyTwoOrFourUniqueDirections" methodname="LeafGateDefinition_RequiresExactlyTwoOrFourUniqueDirections" classname="Pono.ColorWaterDelivery.Tests.EditMode.ColorWaterDeliveryValueTests" runstate="Runnable" seed="163604442" result="Passed" start-time="2026-07-24 07:28:16Z" end-time="2026-07-24 07:28:16Z" duration="0.000200" asserts="0">
                  <properties>
                    <property name="retryIteration" value="0" />
                    <property name="repeatIteration" value="0" />
                  </properties>
                </test-case>
                <test-case id="1026" name="LeafGateDefinition_RequiresValidIdAndInitialDirection" fullname="Pono.ColorWaterDelivery.Tests.EditMode.ColorWaterDeliveryValueTests.LeafGateDefinition_RequiresValidIdAndInitialDirection" methodname="LeafGateDefinition_RequiresValidIdAndInitialDirection" classname="Pono.ColorWaterDelivery.Tests.EditMode.ColorWaterDeliveryValueTests" runstate="Runnable" seed="1080152923" result="Passed" start-time="2026-07-24 07:28:16Z" end-time="2026-07-24 07:28:16Z" duration="0.000219" asserts="0">
                  <properties>
                    <property name="retryIteration" value="0" />
                    <property name="repeatIteration" value="0" />
                  </properties>
                </test-case>
                <test-case id="1024" name="Rules_RejectInvalidTargetsToleranceAndMinimumBatch" fullname="Pono.ColorWaterDelivery.Tests.EditMode.ColorWaterDeliveryValueTests.Rules_RejectInvalidTargetsToleranceAndMinimumBatch" methodname="Rules_RejectInvalidTargetsToleranceAndMinimumBatch" classname="Pono.ColorWaterDelivery.Tests.EditMode.ColorWaterDeliveryValueTests" runstate="Runnable" seed="1684508265" result="Passed" start-time="2026-07-24 07:28:16Z" end-time="2026-07-24 07:28:16Z" duration="0.000207" asserts="0">
                  <properties>
                    <property name="retryIteration" value="0" />
                    <property name="repeatIteration" value="0" />
                  </properties>
                </test-case>
                <test-case id="1023" name="WaterMixture_RejectsNegativeAndNonFiniteAmounts" fullname="Pono.ColorWaterDelivery.Tests.EditMode.ColorWaterDeliveryValueTests.WaterMixture_RejectsNegativeAndNonFiniteAmounts" methodname="WaterMixture_RejectsNegativeAndNonFiniteAmounts" classname="Pono.ColorWaterDelivery.Tests.EditMode.ColorWaterDeliveryValueTests" runstate="Runnable" seed="539516397" result="Passed" start-time="2026-07-24 07:28:16Z" end-time="2026-07-24 07:28:16Z" duration="0.000179" asserts="0">
                  <properties>
                    <property name="retryIteration" value="0" />
                    <property name="repeatIteration" value="0" />
                  </properties>
                </test-case>
                <test-case id="1021" name="WaterMixture_ReportsFractionsAndImbalance" fullname="Pono.ColorWaterDelivery.Tests.EditMode.ColorWaterDeliveryValueTests.WaterMixture_ReportsFractionsAndImbalance" methodname="WaterMixture_ReportsFractionsAndImbalance" classname="Pono.ColorWaterDelivery.Tests.EditMode.ColorWaterDeliveryValueTests" runstate="Runnable" seed="776970635" result="Passed" start-time="2026-07-24 07:28:16Z" end-time="2026-07-24 07:28:16Z" duration="0.000110" asserts="0">
                  <properties>
                    <property name="retryIteration" value="0" />
                    <property name="repeatIteration" value="0" />
                  </properties>
                </test-case>
              </test-suite>
            </test-suite>
          </test-suite>
        </test-suite>
      </test-suite>
    </test-suite>
    <test-suite type="Assembly" id="1088" name="Pono.HideSeek.Tests.EditMode.dll" fullname="/Users/ndw_mac/AppDevelopment/pono-asobiba-app/unity/PonoNativeGames/Library/ScriptAssemblies/Pono.HideSeek.Tests.EditMode.dll" runstate="Runnable" testcasecount="48" result="Passed" start-time="2026-07-24 07:28:16Z" end-time="2026-07-24 07:28:16Z" duration="0.043995" total="48" passed="48" failed="0" inconclusive="0" skipped="0" asserts="0">
      <properties>
        <property name="_PID" value="87432" />
        <property name="_APPDOMAIN" value="Unity Child Domain" />
        <property name="platform" value="EditMode" />
        <property name="EditorOnly" value="True" />
      </properties>
      <test-suite type="TestSuite" id="1089" name="Pono" fullname="Pono" runstate="Runnable" testcasecount="48" result="Passed" start-time="2026-07-24 07:28:16Z" end-time="2026-07-24 07:28:16Z" duration="0.043633" total="48" passed="48" failed="0" inconclusive="0" skipped="0" asserts="0">
        <properties />
        <test-suite type="TestSuite" id="1090" name="HideSeek" fullname="Pono.HideSeek" runstate="Runnable" testcasecount="48" result="Passed" start-time="2026-07-24 07:28:16Z" end-time="2026-07-24 07:28:16Z" duration="0.043255" total="48" passed="48" failed="0" inconclusive="0" skipped="0" asserts="0">
          <properties />
          <test-suite type="TestSuite" id="1091" name="Tests" fullname="Pono.HideSeek.Tests" runstate="Runnable" testcasecount="48" result="Passed" start-time="2026-07-24 07:28:16Z" end-time="2026-07-24 07:28:16Z" duration="0.042860" total="48" passed="48" failed="0" inconclusive="0" skipped="0" asserts="0">
            <properties />
            <test-suite type="TestSuite" id="1092" name="EditMode" fullname="Pono.HideSeek.Tests.EditMode" runstate="Runnable" testcasecount="48" result="Passed" start-time="2026-07-24 07:28:16Z" end-time="2026-07-24 07:28:16Z" duration="0.042518" total="48" passed="48" failed="0" inconclusive="0" skipped="0" asserts="0">
              <properties />
              <test-suite type="TestFixture" id="1033" name="ChildFacingTextValidatorTests" fullname="Pono.HideSeek.Tests.EditMode.ChildFacingTextValidatorTests" classname="Pono.HideSeek.Tests.EditMode.ChildFacingTextValidatorTests" runstate="Runnable" testcasecount="17" result="Passed" start-time="2026-07-24 07:28:16Z" end-time="2026-07-24 07:28:16Z" duration="0.005154" total="17" passed="17" failed="0" inconclusive="0" skipped="0" asserts="0">
                <properties />
                <test-case id="1051" name="EmptyText_RequiresExplicitAllowance" fullname="Pono.HideSeek.Tests.EditMode.ChildFacingTextValidatorTests.EmptyText_RequiresExplicitAllowance" methodname="EmptyText_RequiresExplicitAllowance" classname="Pono.HideSeek.Tests.EditMode.ChildFacingTextValidatorTests" runstate="Runnable" seed="760147996" result="Passed" start-time="2026-07-24 07:28:16Z" end-time="2026-07-24 07:28:16Z" duration="0.000366" asserts="0">
                  <properties>
                    <property name="retryIteration" value="0" />
                    <property name="repeatIteration" value="0" />
                  </properties>
                </test-case>
                <test-case id="1053" name="KanaAndKanjiCodePointHelpers_CoverJapaneseSpecialCases" fullname="Pono.HideSeek.Tests.EditMode.ChildFacingTextValidatorTests.KanaAndKanjiCodePointHelpers_CoverJapaneseSpecialCases" methodname="KanaAndKanjiCodePointHelpers_CoverJapaneseSpecialCases" classname="Pono.HideSeek.Tests.EditMode.ChildFacingTextValidatorTests" runstate="Runnable" seed="1784090381" result="Passed" start-time="2026-07-24 07:28:16Z" end-time="2026-07-24 07:28:16Z" duration="0.000125" asserts="0">
                  <properties>
                    <property name="retryIteration" value="0" />
                    <property name="repeatIteration" value="0" />
                  </properties>
                </test-case>
                <test-suite type="ParameterizedMethod" id="1040" name="KanaFriendlyCopy_IsAccepted" fullname="Pono.HideSeek.Tests.EditMode.ChildFacingTextValidatorTests.KanaFriendlyCopy_IsAccepted" classname="Pono.HideSeek.Tests.EditMode.ChildFacingTextValidatorTests" runstate="Runnable" testcasecount="6" result="Passed" start-time="2026-07-24 07:28:16Z" end-time="2026-07-24 07:28:16Z" duration="0.001520" total="6" passed="6" failed="0" inconclusive="0" skipped="0" asserts="0">
                  <properties />
                  <test-case id="1034" name="KanaFriendlyCopy_IsAccepted(&quot;いきものを みつけよう！&quot;)" fullname="Pono.HideSeek.Tests.EditMode.ChildFacingTextValidatorTests.KanaFriendlyCopy_IsAccepted(&quot;いきものを みつけよう！&quot;)" methodname="KanaFriendlyCopy_IsAccepted" classname="Pono.HideSeek.Tests.EditMode.ChildFacingTextValidatorTests" runstate="Runnable" seed="231933868" result="Passed" start-time="2026-07-24 07:28:16Z" end-time="2026-07-24 07:28:16Z" duration="0.000326" asserts="0">
                    <properties>
                      <property name="retryIteration" value="0" />
                      <property name="repeatIteration" value="0" />
                    </properties>
                  </test-case>
                  <test-case id="1035" name="KanaFriendlyCopy_IsAccepted(&quot;ポノと あそぼう&quot;)" fullname="Pono.HideSeek.Tests.EditMode.ChildFacingTextValidatorTests.KanaFriendlyCopy_IsAccepted(&quot;ポノと あそぼう&quot;)" methodname="KanaFriendlyCopy_IsAccepted" classname="Pono.HideSeek.Tests.EditMode.ChildFacingTextValidatorTests" runstate="Runnable" seed="1865473848" result="Passed" start-time="2026-07-24 07:28:16Z" end-time="2026-07-24 07:28:16Z" duration="0.000038" asserts="0">
                    <properties>
                      <property name="retryIteration" value="0" />
                      <property name="repeatIteration" value="0" />
                    </properties>
                  </test-case>
                  <test-case id="1036" name="KanaFriendlyCopy_IsAccepted(&quot;あと 3びき&quot;)" fullname="Pono.HideSeek.Tests.EditMode.ChildFacingTextValidatorTests.KanaFriendlyCopy_IsAccepted(&quot;あと 3びき&quot;)" methodname="KanaFriendlyCopy_IsAccepted" classname="Pono.HideSeek.Tests.EditMode.ChildFacingTextValidatorTests" runstate="Runnable" seed="49406756" result="Passed" start-time="2026-07-24 07:28:16Z" end-time="2026-07-24 07:28:16Z" duration="0.000033" asserts="0">
                    <properties>
                      <property name="retryIteration" value="0" />
                      <property name="repeatIteration" value="0" />
                    </properties>
                  </test-case>
                  <test-case id="1037" name="KanaFriendlyCopy_IsAccepted(&quot;キラキラ〜☆&quot;)" fullname="Pono.HideSeek.Tests.EditMode.ChildFacingTextValidatorTests.KanaFriendlyCopy_IsAccepted(&quot;キラキラ〜☆&quot;)" methodname="KanaFriendlyCopy_IsAccepted" classname="Pono.HideSeek.Tests.EditMode.ChildFacingTextValidatorTests" runstate="Runnable" seed="588543687" result="Passed" start-time="2026-07-24 07:28:16Z" end-time="2026-07-24 07:28:16Z" duration="0.000045" asserts="0">
                    <properties>
                      <property name="retryIteration" value="0" />
                      <property name="repeatIteration" value="0" />
                    </properties>
                  </test-case>
                  <test-case id="1038" name="KanaFriendlyCopy_IsAccepted(&quot;ﾎﾟﾉ と いっしょ&quot;)" fullname="Pono.HideSeek.Tests.EditMode.ChildFacingTextValidatorTests.KanaFriendlyCopy_IsAccepted(&quot;ﾎﾟﾉ と いっしょ&quot;)" methodname="KanaFriendlyCopy_IsAccepted" classname="Pono.HideSeek.Tests.EditMode.ChildFacingTextValidatorTests" runstate="Runnable" seed="1276925168" result="Passed" start-time="2026-07-24 07:28:16Z" end-time="2026-07-24 07:28:16Z" duration="0.000036" asserts="0">
                    <properties>
                      <property name="retryIteration" value="0" />
                      <property name="repeatIteration" value="0" />
                    </properties>
                  </test-case>
                  <test-case id="1039" name="KanaFriendlyCopy_IsAccepted(&quot;みつけた！ 🎉&quot;)" fullname="Pono.HideSeek.Tests.EditMode.ChildFacingTextValidatorTests.KanaFriendlyCopy_IsAccepted(&quot;みつけた！ 🎉&quot;)" methodname="KanaFriendlyCopy_IsAccepted" classname="Pono.HideSeek.Tests.EditMode.ChildFacingTextValidatorTests" runstate="Runnable" seed="1216871249" result="Passed" start-time="2026-07-24 07:28:16Z" end-time="2026-07-24 07:28:16Z" duration="0.000179" asserts="0">
                    <properties>
                      <property name="retryIteration" value="0" />
                      <property name="repeatIteration" value="0" />
                    </properties>
                  </test-case>
                </test-suite>
                <test-suite type="ParameterizedMethod" id="1045" name="KanjiCopy_IsRejected" fullname="Pono.HideSeek.Tests.EditMode.ChildFacingTextValidatorTests.KanjiCopy_IsRejected" classname="Pono.HideSeek.Tests.EditMode.ChildFacingTextValidatorTests" runstate="Runnable" testcasecount="4" result="Passed" start-time="2026-07-24 07:28:16Z" end-time="2026-07-24 07:28:16Z" duration="0.000910" total="4" passed="4" failed="0" inconclusive="0" skipped="0" asserts="0">
                  <properties />
                  <test-case id="1041" name="KanjiCopy_IsRejected(&quot;森で あそぼう&quot;)" fullname="Pono.HideSeek.Tests.EditMode.ChildFacingTextValidatorTests.KanjiCopy_IsRejected(&quot;森で あそぼう&quot;)" methodname="KanjiCopy_IsRejected" classname="Pono.HideSeek.Tests.EditMode.ChildFacingTextValidatorTests" runstate="Runnable" seed="1972542802" result="Passed" start-time="2026-07-24 07:28:16Z" end-time="2026-07-24 07:28:16Z" duration="0.000221" asserts="0">
                    <properties>
                      <property name="retryIteration" value="0" />
                      <property name="repeatIteration" value="0" />
                    </properties>
                  </test-case>
                  <test-case id="1042" name="KanjiCopy_IsRejected(&quot;動物を みつけよう&quot;)" fullname="Pono.HideSeek.Tests.EditMode.ChildFacingTextValidatorTests.KanjiCopy_IsRejected(&quot;動物を みつけよう&quot;)" methodname="KanjiCopy_IsRejected" classname="Pono.HideSeek.Tests.EditMode.ChildFacingTextValidatorTests" runstate="Runnable" seed="1661342937" result="Passed" start-time="2026-07-24 07:28:16Z" end-time="2026-07-24 07:28:16Z" duration="0.000054" asserts="0">
                    <properties>
                      <property name="retryIteration" value="0" />
                      <property name="repeatIteration" value="0" />
                    </properties>
                  </test-case>
                  <test-case id="1043" name="KanjiCopy_IsRejected(&quot;あと 三びき&quot;)" fullname="Pono.HideSeek.Tests.EditMode.ChildFacingTextValidatorTests.KanjiCopy_IsRejected(&quot;あと 三びき&quot;)" methodname="KanjiCopy_IsRejected" classname="Pono.HideSeek.Tests.EditMode.ChildFacingTextValidatorTests" runstate="Runnable" seed="1189944391" result="Passed" start-time="2026-07-24 07:28:16Z" end-time="2026-07-24 07:28:16Z" duration="0.000073" asserts="0">
                    <properties>
                      <property name="retryIteration" value="0" />
                      <property name="repeatIteration" value="0" />
                    </properties>
                  </test-case>
                  <test-case id="1044" name="KanjiCopy_IsRejected(&quot;くり返す&quot;)" fullname="Pono.HideSeek.Tests.EditMode.ChildFacingTextValidatorTests.KanjiCopy_IsRejected(&quot;くり返す&quot;)" methodname="KanjiCopy_IsRejected" classname="Pono.HideSeek.Tests.EditMode.ChildFacingTextValidatorTests" runstate="Runnable" seed="61407977" result="Passed" start-time="2026-07-24 07:28:16Z" end-time="2026-07-24 07:28:16Z" duration="0.000027" asserts="0">
                    <properties>
                      <property name="retryIteration" value="0" />
                      <property name="repeatIteration" value="0" />
                    </properties>
                  </test-case>
                </test-suite>
                <test-suite type="ParameterizedMethod" id="1050" name="NonKanaLetters_AreRejected" fullname="Pono.HideSeek.Tests.EditMode.ChildFacingTextValidatorTests.NonKanaLetters_AreRejected" classname="Pono.HideSeek.Tests.EditMode.ChildFacingTextValidatorTests" runstate="Runnable" testcasecount="3" result="Passed" start-time="2026-07-24 07:28:16Z" end-time="2026-07-24 07:28:16Z" duration="0.000798" total="3" passed="3" failed="0" inconclusive="0" skipped="0" asserts="0">
                  <properties />
                  <test-case id="1047" name="NonKanaLetters_AreRejected(&quot;PONO&quot;)" fullname="Pono.HideSeek.Tests.EditMode.ChildFacingTextValidatorTests.NonKanaLetters_AreRejected(&quot;PONO&quot;)" methodname="NonKanaLetters_AreRejected" classname="Pono.HideSeek.Tests.EditMode.ChildFacingTextValidatorTests" runstate="Runnable" seed="1392247311" result="Passed" start-time="2026-07-24 07:28:16Z" end-time="2026-07-24 07:28:16Z" duration="0.000186" asserts="0">
                    <properties>
                      <property name="retryIteration" value="0" />
                      <property name="repeatIteration" value="0" />
                    </properties>
                  </test-case>
                  <test-case id="1048" name="NonKanaLetters_AreRejected(&quot;hello ポノ&quot;)" fullname="Pono.HideSeek.Tests.EditMode.ChildFacingTextValidatorTests.NonKanaLetters_AreRejected(&quot;hello ポノ&quot;)" methodname="NonKanaLetters_AreRejected" classname="Pono.HideSeek.Tests.EditMode.ChildFacingTextValidatorTests" runstate="Runnable" seed="1239756462" result="Passed" start-time="2026-07-24 07:28:16Z" end-time="2026-07-24 07:28:16Z" duration="0.000058" asserts="0">
                    <properties>
                      <property name="retryIteration" value="0" />
                      <property name="repeatIteration" value="0" />
                    </properties>
                  </test-case>
                  <test-case id="1049" name="NonKanaLetters_AreRejected(&quot;안녕&quot;)" fullname="Pono.HideSeek.Tests.EditMode.ChildFacingTextValidatorTests.NonKanaLetters_AreRejected(&quot;안녕&quot;)" methodname="NonKanaLetters_AreRejected" classname="Pono.HideSeek.Tests.EditMode.ChildFacingTextValidatorTests" runstate="Runnable" seed="1993708251" result="Passed" start-time="2026-07-24 07:28:16Z" end-time="2026-07-24 07:28:16Z" duration="0.000027" asserts="0">
                    <properties>
                      <property name="retryIteration" value="0" />
                      <property name="repeatIteration" value="0" />
                    </properties>
                  </test-case>
                </test-suite>
                <test-case id="1046" name="SupplementaryPlaneKanji_IsDetectedWithCorrectUtf16Index" fullname="Pono.HideSeek.Tests.EditMode.ChildFacingTextValidatorTests.SupplementaryPlaneKanji_IsDetectedWithCorrectUtf16Index" methodname="SupplementaryPlaneKanji_IsDetectedWithCorrectUtf16Index" classname="Pono.HideSeek.Tests.EditMode.ChildFacingTextValidatorTests" runstate="Runnable" seed="102873927" result="Passed" start-time="2026-07-24 07:28:16Z" end-time="2026-07-24 07:28:16Z" duration="0.000149" asserts="0">
                  <properties>
                    <property name="retryIteration" value="0" />
                    <property name="repeatIteration" value="0" />
                  </properties>
                </test-case>
                <test-case id="1052" name="UnpairedSurrogate_IsReportedAsInvalidUnicode" fullname="Pono.HideSeek.Tests.EditMode.ChildFacingTextValidatorTests.UnpairedSurrogate_IsReportedAsInvalidUnicode" methodname="UnpairedSurrogate_IsReportedAsInvalidUnicode" classname="Pono.HideSeek.Tests.EditMode.ChildFacingTextValidatorTests" runstate="Runnable" seed="106583226" result="Passed" start-time="2026-07-24 07:28:16Z" end-time="2026-07-24 07:28:16Z" duration="0.000169" asserts="0">
                  <properties>
                    <property name="retryIteration" value="0" />
                    <property name="repeatIteration" value="0" />
                  </properties>
                </test-case>
              </test-suite>
              <test-suite type="TestFixture" id="1054" name="CreatureDiscoveryModelTests" fullname="Pono.HideSeek.Tests.EditMode.CreatureDiscoveryModelTests" classname="Pono.HideSeek.Tests.EditMode.CreatureDiscoveryModelTests" runstate="Runnable" testcasecount="13" result="Passed" start-time="2026-07-24 07:28:16Z" end-time="2026-07-24 07:28:16Z" duration="0.009901" total="13" passed="13" failed="0" inconclusive="0" skipped="0" asserts="0">
                <properties />
                <test-case id="1067" name="Advance_RejectsNegativeAndNonFiniteTime" fullname="Pono.HideSeek.Tests.EditMode.CreatureDiscoveryModelTests.Advance_RejectsNegativeAndNonFiniteTime" methodname="Advance_RejectsNegativeAndNonFiniteTime" classname="Pono.HideSeek.Tests.EditMode.CreatureDiscoveryModelTests" runstate="Runnable" seed="2050889832" result="Passed" start-time="2026-07-24 07:28:16Z" end-time="2026-07-24 07:28:16Z" duration="0.002591" asserts="0">
                  <properties>
                    <property name="retryIteration" value="0" />
                    <property name="repeatIteration" value="0" />
                  </properties>
                </test-case>
                <test-case id="1060" name="AllFoundEvent_IsRaisedExactlyOnce" fullname="Pono.HideSeek.Tests.EditMode.CreatureDiscoveryModelTests.AllFoundEvent_IsRaisedExactlyOnce" methodname="AllFoundEvent_IsRaisedExactlyOnce" classname="Pono.HideSeek.Tests.EditMode.CreatureDiscoveryModelTests" runstate="Runnable" seed="70460879" result="Passed" start-time="2026-07-24 07:28:16Z" end-time="2026-07-24 07:28:16Z" duration="0.001464" asserts="0">
                  <properties>
                    <property name="retryIteration" value="0" />
                    <property name="repeatIteration" value="0" />
                  </properties>
                </test-case>
                <test-case id="1055" name="Constructor_RequiresExactlyThreeUniqueCreatures" fullname="Pono.HideSeek.Tests.EditMode.CreatureDiscoveryModelTests.Constructor_RequiresExactlyThreeUniqueCreatures" methodname="Constructor_RequiresExactlyThreeUniqueCreatures" classname="Pono.HideSeek.Tests.EditMode.CreatureDiscoveryModelTests" runstate="Runnable" seed="233172373" result="Passed" start-time="2026-07-24 07:28:16Z" end-time="2026-07-24 07:28:16Z" duration="0.000348" asserts="0">
                  <properties>
                    <property name="retryIteration" value="0" />
                    <property name="repeatIteration" value="0" />
                  </properties>
                </test-case>
                <test-case id="1058" name="CreaturesCanBeFoundInAnyOrder" fullname="Pono.HideSeek.Tests.EditMode.CreatureDiscoveryModelTests.CreaturesCanBeFoundInAnyOrder" methodname="CreaturesCanBeFoundInAnyOrder" classname="Pono.HideSeek.Tests.EditMode.CreatureDiscoveryModelTests" runstate="Runnable" seed="1479495224" result="Passed" start-time="2026-07-24 07:28:16Z" end-time="2026-07-24 07:28:16Z" duration="0.000229" asserts="0">
                  <properties>
                    <property name="retryIteration" value="0" />
                    <property name="repeatIteration" value="0" />
                  </properties>
                </test-case>
                <test-case id="1065" name="Definition_RejectsInvalidRegionsAndRules" fullname="Pono.HideSeek.Tests.EditMode.CreatureDiscoveryModelTests.Definition_RejectsInvalidRegionsAndRules" methodname="Definition_RejectsInvalidRegionsAndRules" classname="Pono.HideSeek.Tests.EditMode.CreatureDiscoveryModelTests" runstate="Runnable" seed="268982690" result="Passed" start-time="2026-07-24 07:28:16Z" end-time="2026-07-24 07:28:16Z" duration="0.000271" asserts="0">
                  <properties>
                    <property name="retryIteration" value="0" />
                    <property name="repeatIteration" value="0" />
                  </properties>
                </test-case>
                <test-case id="1064" name="Dispose_UnsubscribesFromRevealMask_AndAdvanceBecomesInvalid" fullname="Pono.HideSeek.Tests.EditMode.CreatureDiscoveryModelTests.Dispose_UnsubscribesFromRevealMask_AndAdvanceBecomesInvalid" methodname="Dispose_UnsubscribesFromRevealMask_AndAdvanceBecomesInvalid" classname="Pono.HideSeek.Tests.EditMode.CreatureDiscoveryModelTests" runstate="Runnable" seed="1230789797" result="Passed" start-time="2026-07-24 07:28:16Z" end-time="2026-07-24 07:28:16Z" duration="0.000277" asserts="0">
                  <properties>
                    <property name="retryIteration" value="0" />
                    <property name="repeatIteration" value="0" />
                  </properties>
                </test-case>
                <test-case id="1061" name="ExistingMaskReveal_IsObservedWhenModelIsCreated" fullname="Pono.HideSeek.Tests.EditMode.CreatureDiscoveryModelTests.ExistingMaskReveal_IsObservedWhenModelIsCreated" methodname="ExistingMaskReveal_IsObservedWhenModelIsCreated" classname="Pono.HideSeek.Tests.EditMode.CreatureDiscoveryModelTests" runstate="Runnable" seed="1786772841" result="Passed" start-time="2026-07-24 07:28:16Z" end-time="2026-07-24 07:28:16Z" duration="0.000283" asserts="0">
                  <properties>
                    <property name="retryIteration" value="0" />
                    <property name="repeatIteration" value="0" />
                  </properties>
                </test-case>
                <test-case id="1059" name="FoundState_IsTerminal_AndEventsDoNotRepeat" fullname="Pono.HideSeek.Tests.EditMode.CreatureDiscoveryModelTests.FoundState_IsTerminal_AndEventsDoNotRepeat" methodname="FoundState_IsTerminal_AndEventsDoNotRepeat" classname="Pono.HideSeek.Tests.EditMode.CreatureDiscoveryModelTests" runstate="Runnable" seed="606170840" result="Passed" start-time="2026-07-24 07:28:16Z" end-time="2026-07-24 07:28:16Z" duration="0.000890" asserts="0">
                  <properties>
                    <property name="retryIteration" value="0" />
                    <property name="repeatIteration" value="0" />
                  </properties>
                </test-case>
                <test-case id="1057" name="HoldingTime_IsRequiredBeforeFound" fullname="Pono.HideSeek.Tests.EditMode.CreatureDiscoveryModelTests.HoldingTime_IsRequiredBeforeFound" methodname="HoldingTime_IsRequiredBeforeFound" classname="Pono.HideSeek.Tests.EditMode.CreatureDiscoveryModelTests" runstate="Runnable" seed="241159995" result="Passed" start-time="2026-07-24 07:28:16Z" end-time="2026-07-24 07:28:16Z" duration="0.000362" asserts="0">
                  <properties>
                    <property name="retryIteration" value="0" />
                    <property name="repeatIteration" value="0" />
                  </properties>
                </test-case>
                <test-case id="1062" name="HoldTimer_DoesNotAccumulateBeforeEligibility" fullname="Pono.HideSeek.Tests.EditMode.CreatureDiscoveryModelTests.HoldTimer_DoesNotAccumulateBeforeEligibility" methodname="HoldTimer_DoesNotAccumulateBeforeEligibility" classname="Pono.HideSeek.Tests.EditMode.CreatureDiscoveryModelTests" runstate="Runnable" seed="1263880780" result="Passed" start-time="2026-07-24 07:28:16Z" end-time="2026-07-24 07:28:16Z" duration="0.000182" asserts="0">
                  <properties>
                    <property name="retryIteration" value="0" />
                    <property name="repeatIteration" value="0" />
                  </properties>
                </test-case>
                <test-case id="1056" name="RequiredCoverageWithoutEnoughAnchors_RemainsSearching" fullname="Pono.HideSeek.Tests.EditMode.CreatureDiscoveryModelTests.RequiredCoverageWithoutEnoughAnchors_RemainsSearching" methodname="RequiredCoverageWithoutEnoughAnchors_RemainsSearching" classname="Pono.HideSeek.Tests.EditMode.CreatureDiscoveryModelTests" runstate="Runnable" seed="637749569" result="Passed" start-time="2026-07-24 07:28:16Z" end-time="2026-07-24 07:28:16Z" duration="0.000194" asserts="0">
                  <properties>
                    <property name="retryIteration" value="0" />
                    <property name="repeatIteration" value="0" />
                  </properties>
                </test-case>
                <test-case id="1066" name="Rules_RejectInvalidRatiosHoldAndAnchorCounts" fullname="Pono.HideSeek.Tests.EditMode.CreatureDiscoveryModelTests.Rules_RejectInvalidRatiosHoldAndAnchorCounts" methodname="Rules_RejectInvalidRatiosHoldAndAnchorCounts" classname="Pono.HideSeek.Tests.EditMode.CreatureDiscoveryModelTests" runstate="Runnable" seed="1376720789" result="Passed" start-time="2026-07-24 07:28:16Z" end-time="2026-07-24 07:28:16Z" duration="0.000234" asserts="0">
                  <properties>
                    <property name="retryIteration" value="0" />
                    <property name="repeatIteration" value="0" />
                  </properties>
                </test-case>
                <test-case id="1063" name="ZeroHoldDuration_FindsOnAdvanceZero" fullname="Pono.HideSeek.Tests.EditMode.CreatureDiscoveryModelTests.ZeroHoldDuration_FindsOnAdvanceZero" methodname="ZeroHoldDuration_FindsOnAdvanceZero" classname="Pono.HideSeek.Tests.EditMode.CreatureDiscoveryModelTests" runstate="Runnable" seed="944187239" result="Passed" start-time="2026-07-24 07:28:16Z" end-time="2026-07-24 07:28:16Z" duration="0.000163" asserts="0">
                  <properties>
                    <property name="retryIteration" value="0" />
                    <property name="repeatIteration" value="0" />
                  </properties>
                </test-case>
              </test-suite>
              <test-suite type="TestFixture" id="1068" name="HintSchedulerTests" fullname="Pono.HideSeek.Tests.EditMode.HintSchedulerTests" classname="Pono.HideSeek.Tests.EditMode.HintSchedulerTests" runstate="Runnable" testcasecount="8" result="Passed" start-time="2026-07-24 07:28:16Z" end-time="2026-07-24 07:28:16Z" duration="0.007638" total="8" passed="8" failed="0" inconclusive="0" skipped="0" asserts="0">
                <properties />
                <test-case id="1069" name="Advance_EmitsOnlyAfterConfiguredIdleDelay" fullname="Pono.HideSeek.Tests.EditMode.HintSchedulerTests.Advance_EmitsOnlyAfterConfiguredIdleDelay" methodname="Advance_EmitsOnlyAfterConfiguredIdleDelay" classname="Pono.HideSeek.Tests.EditMode.HintSchedulerTests" runstate="Runnable" seed="1123744098" result="Passed" start-time="2026-07-24 07:28:16Z" end-time="2026-07-24 07:28:16Z" duration="0.000843" asserts="0">
                  <properties>
                    <property name="retryIteration" value="0" />
                    <property name="repeatIteration" value="0" />
                  </properties>
                </test-case>
                <test-case id="1075" name="Complete_IsTerminalUntilExplicitReset" fullname="Pono.HideSeek.Tests.EditMode.HintSchedulerTests.Complete_IsTerminalUntilExplicitReset" methodname="Complete_IsTerminalUntilExplicitReset" classname="Pono.HideSeek.Tests.EditMode.HintSchedulerTests" runstate="Runnable" seed="341784881" result="Passed" start-time="2026-07-24 07:28:16Z" end-time="2026-07-24 07:28:16Z" duration="0.000154" asserts="0">
                  <properties>
                    <property name="retryIteration" value="0" />
                    <property name="repeatIteration" value="0" />
                  </properties>
                </test-case>
                <test-case id="1076" name="InvalidSchedulesAndTimes_AreRejected" fullname="Pono.HideSeek.Tests.EditMode.HintSchedulerTests.InvalidSchedulesAndTimes_AreRejected" methodname="InvalidSchedulesAndTimes_AreRejected" classname="Pono.HideSeek.Tests.EditMode.HintSchedulerTests" runstate="Runnable" seed="2027504779" result="Passed" start-time="2026-07-24 07:28:16Z" end-time="2026-07-24 07:28:16Z" duration="0.000410" asserts="0">
                  <properties>
                    <property name="retryIteration" value="0" />
                    <property name="repeatIteration" value="0" />
                  </properties>
                </test-case>
                <test-case id="1071" name="LargeFrameDelta_EmitsAtMostOneHint" fullname="Pono.HideSeek.Tests.EditMode.HintSchedulerTests.LargeFrameDelta_EmitsAtMostOneHint" methodname="LargeFrameDelta_EmitsAtMostOneHint" classname="Pono.HideSeek.Tests.EditMode.HintSchedulerTests" runstate="Runnable" seed="1595054028" result="Passed" start-time="2026-07-24 07:28:16Z" end-time="2026-07-24 07:28:16Z" duration="0.001436" asserts="0">
                  <properties>
                    <property name="retryIteration" value="0" />
                    <property name="repeatIteration" value="0" />
                  </properties>
                </test-case>
                <test-case id="1074" name="NonRepeatingSchedule_CompletesAfterLastHint" fullname="Pono.HideSeek.Tests.EditMode.HintSchedulerTests.NonRepeatingSchedule_CompletesAfterLastHint" methodname="NonRepeatingSchedule_CompletesAfterLastHint" classname="Pono.HideSeek.Tests.EditMode.HintSchedulerTests" runstate="Runnable" seed="1819189276" result="Passed" start-time="2026-07-24 07:28:16Z" end-time="2026-07-24 07:28:16Z" duration="0.000515" asserts="0">
                  <properties>
                    <property name="retryIteration" value="0" />
                    <property name="repeatIteration" value="0" />
                  </properties>
                </test-case>
                <test-case id="1072" name="NotifyActivity_ResetsIdleAndEscalation" fullname="Pono.HideSeek.Tests.EditMode.HintSchedulerTests.NotifyActivity_ResetsIdleAndEscalation" methodname="NotifyActivity_ResetsIdleAndEscalation" classname="Pono.HideSeek.Tests.EditMode.HintSchedulerTests" runstate="Runnable" seed="708978912" result="Passed" start-time="2026-07-24 07:28:16Z" end-time="2026-07-24 07:28:16Z" duration="0.000185" asserts="0">
                  <properties>
                    <property name="retryIteration" value="0" />
                    <property name="repeatIteration" value="0" />
                  </properties>
                </test-case>
                <test-case id="1073" name="Pause_FreezesIdleUntilResumed" fullname="Pono.HideSeek.Tests.EditMode.HintSchedulerTests.Pause_FreezesIdleUntilResumed" methodname="Pause_FreezesIdleUntilResumed" classname="Pono.HideSeek.Tests.EditMode.HintSchedulerTests" runstate="Runnable" seed="1702888956" result="Passed" start-time="2026-07-24 07:28:16Z" end-time="2026-07-24 07:28:16Z" duration="0.000238" asserts="0">
                  <properties>
                    <property name="retryIteration" value="0" />
                    <property name="repeatIteration" value="0" />
                  </properties>
                </test-case>
                <test-case id="1070" name="Schedule_EscalatesThenRepeatsLastHint" fullname="Pono.HideSeek.Tests.EditMode.HintSchedulerTests.Schedule_EscalatesThenRepeatsLastHint" methodname="Schedule_EscalatesThenRepeatsLastHint" classname="Pono.HideSeek.Tests.EditMode.HintSchedulerTests" runstate="Runnable" seed="1980768446" result="Passed" start-time="2026-07-24 07:28:16Z" end-time="2026-07-24 07:28:16Z" duration="0.000583" asserts="0">
                  <properties>
                    <property name="retryIteration" value="0" />
                    <property name="repeatIteration" value="0" />
                  </properties>
                </test-case>
              </test-suite>
              <test-suite type="TestFixture" id="1077" name="RevealMaskModelTests" fullname="Pono.HideSeek.Tests.EditMode.RevealMaskModelTests" classname="Pono.HideSeek.Tests.EditMode.RevealMaskModelTests" runstate="Runnable" testcasecount="10" result="Passed" start-time="2026-07-24 07:28:16Z" end-time="2026-07-24 07:28:16Z" duration="0.016964" total="10" passed="10" failed="0" inconclusive="0" skipped="0" asserts="0">
                <properties />
                <test-case id="1079" name="ApplyStamp_OnlyIncreasesCells_AndVersionsOnlyRealChanges" fullname="Pono.HideSeek.Tests.EditMode.RevealMaskModelTests.ApplyStamp_OnlyIncreasesCells_AndVersionsOnlyRealChanges" methodname="ApplyStamp_OnlyIncreasesCells_AndVersionsOnlyRealChanges" classname="Pono.HideSeek.Tests.EditMode.RevealMaskModelTests" runstate="Runnable" seed="1703498973" result="Passed" start-time="2026-07-24 07:28:16Z" end-time="2026-07-24 07:28:16Z" duration="0.000479" asserts="0">
                  <properties>
                    <property name="retryIteration" value="0" />
                    <property name="repeatIteration" value="0" />
                  </properties>
                </test-case>
                <test-case id="1080" name="ApplyStroke_FastHorizontalMove_HasNoCellGaps" fullname="Pono.HideSeek.Tests.EditMode.RevealMaskModelTests.ApplyStroke_FastHorizontalMove_HasNoCellGaps" methodname="ApplyStroke_FastHorizontalMove_HasNoCellGaps" classname="Pono.HideSeek.Tests.EditMode.RevealMaskModelTests" runstate="Runnable" seed="1114733946" result="Passed" start-time="2026-07-24 07:28:16Z" end-time="2026-07-24 07:28:16Z" duration="0.003569" asserts="0">
                  <properties>
                    <property name="retryIteration" value="0" />
                    <property name="repeatIteration" value="0" />
                  </properties>
                </test-case>
                <test-case id="1081" name="ApplyStroke_UsesRadiusAwareSamplingWithoutGaps" fullname="Pono.HideSeek.Tests.EditMode.RevealMaskModelTests.ApplyStroke_UsesRadiusAwareSamplingWithoutGaps" methodname="ApplyStroke_UsesRadiusAwareSamplingWithoutGaps" classname="Pono.HideSeek.Tests.EditMode.RevealMaskModelTests" runstate="Runnable" seed="762719453" result="Passed" start-time="2026-07-24 07:28:16Z" end-time="2026-07-24 07:28:16Z" duration="0.004481" asserts="0">
                  <properties>
                    <property name="retryIteration" value="0" />
                    <property name="repeatIteration" value="0" />
                  </properties>
                </test-case>
                <test-case id="1085" name="CopyValuesTo_CopiesStateWithoutExposingBackingArray" fullname="Pono.HideSeek.Tests.EditMode.RevealMaskModelTests.CopyValuesTo_CopiesStateWithoutExposingBackingArray" methodname="CopyValuesTo_CopiesStateWithoutExposingBackingArray" classname="Pono.HideSeek.Tests.EditMode.RevealMaskModelTests" runstate="Runnable" seed="220467570" result="Passed" start-time="2026-07-24 07:28:16Z" end-time="2026-07-24 07:28:16Z" duration="0.000560" asserts="0">
                  <properties>
                    <property name="retryIteration" value="0" />
                    <property name="repeatIteration" value="0" />
                  </properties>
                </test-case>
                <test-case id="1078" name="Dimensions_AreFixedAt256By144" fullname="Pono.HideSeek.Tests.EditMode.RevealMaskModelTests.Dimensions_AreFixedAt256By144" methodname="Dimensions_AreFixedAt256By144" classname="Pono.HideSeek.Tests.EditMode.RevealMaskModelTests" runstate="Runnable" seed="2054513689" result="Passed" start-time="2026-07-24 07:28:16Z" end-time="2026-07-24 07:28:16Z" duration="0.000570" asserts="0">
                  <properties>
                    <property name="retryIteration" value="0" />
                    <property name="repeatIteration" value="0" />
                  </properties>
                </test-case>
                <test-case id="1084" name="DirtyBounds_AccumulateUntilMarkClean" fullname="Pono.HideSeek.Tests.EditMode.RevealMaskModelTests.DirtyBounds_AccumulateUntilMarkClean" methodname="DirtyBounds_AccumulateUntilMarkClean" classname="Pono.HideSeek.Tests.EditMode.RevealMaskModelTests" runstate="Runnable" seed="1631824596" result="Passed" start-time="2026-07-24 07:28:16Z" end-time="2026-07-24 07:28:16Z" duration="0.000728" asserts="0">
                  <properties>
                    <property name="retryIteration" value="0" />
                    <property name="repeatIteration" value="0" />
                  </properties>
                </test-case>
                <test-case id="1087" name="InvalidThresholdBrushAndCoordinates_AreRejected" fullname="Pono.HideSeek.Tests.EditMode.RevealMaskModelTests.InvalidThresholdBrushAndCoordinates_AreRejected" methodname="InvalidThresholdBrushAndCoordinates_AreRejected" classname="Pono.HideSeek.Tests.EditMode.RevealMaskModelTests" runstate="Runnable" seed="529067292" result="Passed" start-time="2026-07-24 07:28:16Z" end-time="2026-07-24 07:28:16Z" duration="0.000384" asserts="0">
                  <properties>
                    <property name="retryIteration" value="0" />
                    <property name="repeatIteration" value="0" />
                  </properties>
                </test-case>
                <test-case id="1086" name="NormalizedPoint_ClampsFiniteCoordinates_AndRejectsNonFinite" fullname="Pono.HideSeek.Tests.EditMode.RevealMaskModelTests.NormalizedPoint_ClampsFiniteCoordinates_AndRejectsNonFinite" methodname="NormalizedPoint_ClampsFiniteCoordinates_AndRejectsNonFinite" classname="Pono.HideSeek.Tests.EditMode.RevealMaskModelTests" runstate="Runnable" seed="932118773" result="Passed" start-time="2026-07-24 07:28:16Z" end-time="2026-07-24 07:28:16Z" duration="0.000258" asserts="0">
                  <properties>
                    <property name="retryIteration" value="0" />
                    <property name="repeatIteration" value="0" />
                  </properties>
                </test-case>
                <test-case id="1082" name="StampAtCorner_IsClippedToMask" fullname="Pono.HideSeek.Tests.EditMode.RevealMaskModelTests.StampAtCorner_IsClippedToMask" methodname="StampAtCorner_IsClippedToMask" classname="Pono.HideSeek.Tests.EditMode.RevealMaskModelTests" runstate="Runnable" seed="928084497" result="Passed" start-time="2026-07-24 07:28:16Z" end-time="2026-07-24 07:28:16Z" duration="0.000165" asserts="0">
                  <properties>
                    <property name="retryIteration" value="0" />
                    <property name="repeatIteration" value="0" />
                  </properties>
                </test-case>
                <test-case id="1083" name="ThresholdEvent_FiresOnlyWhenCellsCrossForFirstTime" fullname="Pono.HideSeek.Tests.EditMode.RevealMaskModelTests.ThresholdEvent_FiresOnlyWhenCellsCrossForFirstTime" methodname="ThresholdEvent_FiresOnlyWhenCellsCrossForFirstTime" classname="Pono.HideSeek.Tests.EditMode.RevealMaskModelTests" runstate="Runnable" seed="410680255" result="Passed" start-time="2026-07-24 07:28:16Z" end-time="2026-07-24 07:28:16Z" duration="0.000470" asserts="0">
                  <properties>
                    <property name="retryIteration" value="0" />
                    <property name="repeatIteration" value="0" />
                  </properties>
                </test-case>
              </test-suite>
            </test-suite>
          </test-suite>
        </test-suite>
      </test-suite>
    </test-suite>
    <test-suite type="Assembly" id="1114" name="Pono.HideSeek.Tests.EditModeRendering.dll" fullname="/Users/ndw_mac/AppDevelopment/pono-asobiba-app/unity/PonoNativeGames/Library/ScriptAssemblies/Pono.HideSeek.Tests.EditModeRendering.dll" runstate="Runnable" testcasecount="16" result="Failed" site="Child" start-time="2026-07-24 07:28:16Z" end-time="2026-07-24 07:28:16Z" duration="0.092224" total="16" passed="14" failed="1" inconclusive="0" skipped="1" asserts="0">
      <properties>
        <property name="_PID" value="87432" />
        <property name="_APPDOMAIN" value="Unity Child Domain" />
        <property name="platform" value="EditMode" />
        <property name="EditorOnly" value="True" />
      </properties>
      <failure>
        <message><![CDATA[One or more child tests had errors]]></message>
      </failure>
      <test-suite type="TestSuite" id="1115" name="Pono" fullname="Pono" runstate="Runnable" testcasecount="16" result="Failed" site="Child" start-time="2026-07-24 07:28:16Z" end-time="2026-07-24 07:28:16Z" duration="0.091969" total="16" passed="14" failed="1" inconclusive="0" skipped="1" asserts="0">
        <properties />
        <failure>
          <message><![CDATA[One or more child tests had errors]]></message>
        </failure>
        <test-suite type="TestSuite" id="1116" name="HideSeek" fullname="Pono.HideSeek" runstate="Runnable" testcasecount="16" result="Failed" site="Child" start-time="2026-07-24 07:28:16Z" end-time="2026-07-24 07:28:16Z" duration="0.091768" total="16" passed="14" failed="1" inconclusive="0" skipped="1" asserts="0">
          <properties />
          <failure>
            <message><![CDATA[One or more child tests had errors]]></message>
          </failure>
          <test-suite type="TestSuite" id="1117" name="Tests" fullname="Pono.HideSeek.Tests" runstate="Runnable" testcasecount="16" result="Failed" site="Child" start-time="2026-07-24 07:28:16Z" end-time="2026-07-24 07:28:16Z" duration="0.091444" total="16" passed="14" failed="1" inconclusive="0" skipped="1" asserts="0">
            <properties />
            <failure>
              <message><![CDATA[One or more child tests had errors]]></message>
            </failure>
            <test-suite type="TestSuite" id="1118" name="EditModeRendering" fullname="Pono.HideSeek.Tests.EditModeRendering" runstate="Runnable" testcasecount="16" result="Failed" site="Child" start-time="2026-07-24 07:28:16Z" end-time="2026-07-24 07:28:16Z" duration="0.091214" total="16" passed="14" failed="1" inconclusive="0" skipped="1" asserts="0">
              <properties />
              <failure>
                <message><![CDATA[One or more child tests had errors]]></message>
              </failure>
              <test-suite type="TestFixture" id="1093" name="ComputeFluidInkBackendTests" fullname="Pono.HideSeek.Tests.EditModeRendering.ComputeFluidInkBackendTests" classname="Pono.HideSeek.Tests.EditModeRendering.ComputeFluidInkBackendTests" runstate="Runnable" testcasecount="1" result="Skipped" label="Ignored" start-time="2026-07-24 07:28:16Z" end-time="2026-07-24 07:28:16Z" duration="0.003169" total="1" passed="0" failed="0" inconclusive="0" skipped="1" asserts="0">
                <properties />
                <reason>
                  <message><![CDATA[One or more child tests were ignored]]></message>
                </reason>
                <test-case id="1094" name="Inject_WhenComputeIsSupported_ProducesVisiblePigment" fullname="Pono.HideSeek.Tests.EditModeRendering.ComputeFluidInkBackendTests.Inject_WhenComputeIsSupported_ProducesVisiblePigment" methodname="Inject_WhenComputeIsSupported_ProducesVisiblePigment" classname="Pono.HideSeek.Tests.EditModeRendering.ComputeFluidInkBackendTests" runstate="Runnable" seed="410898837" result="Skipped" label="Ignored" start-time="2026-07-24 07:28:16Z" end-time="2026-07-24 07:28:16Z" duration="0.002732" asserts="0">
                  <properties>
                    <property name="retryIteration" value="0" />
                    <property name="repeatIteration" value="0" />
                  </properties>
                  <reason>
                    <message><![CDATA[Compute FluidInk is not supported by this graphics device.]]></message>
                  </reason>
                </test-case>
              </test-suite>
              <test-suite type="TestFixture" id="1095" name="CpuInkVisualBackendTests" fullname="Pono.HideSeek.Tests.EditModeRendering.CpuInkVisualBackendTests" classname="Pono.HideSeek.Tests.EditModeRendering.CpuInkVisualBackendTests" runstate="Runnable" testcasecount="6" result="Passed" start-time="2026-07-24 07:28:16Z" end-time="2026-07-24 07:28:16Z" duration="0.020118" total="6" passed="6" failed="0" inconclusive="0" skipped="0" asserts="0">
                <properties />
                <test-case id="1099" name="ColorAlpha_ControlsVisualPigmentStrength" fullname="Pono.HideSeek.Tests.EditModeRendering.CpuInkVisualBackendTests.ColorAlpha_ControlsVisualPigmentStrength" methodname="ColorAlpha_ControlsVisualPigmentStrength" classname="Pono.HideSeek.Tests.EditModeRendering.CpuInkVisualBackendTests" runstate="Runnable" seed="1936141919" result="Passed" start-time="2026-07-24 07:28:16Z" end-time="2026-07-24 07:28:16Z" duration="0.002671" asserts="0">
                  <properties>
                    <property name="retryIteration" value="0" />
                    <property name="repeatIteration" value="0" />
                  </properties>
                </test-case>
                <test-case id="1096" name="Constructor_InitializesReadableFallbackTexture" fullname="Pono.HideSeek.Tests.EditModeRendering.CpuInkVisualBackendTests.Constructor_InitializesReadableFallbackTexture" methodname="Constructor_InitializesReadableFallbackTexture" classname="Pono.HideSeek.Tests.EditModeRendering.CpuInkVisualBackendTests" runstate="Runnable" seed="442347939" result="Passed" start-time="2026-07-24 07:28:16Z" end-time="2026-07-24 07:28:16Z" duration="0.001889" asserts="0">
                  <properties>
                    <property name="retryIteration" value="0" />
                    <property name="repeatIteration" value="0" />
                  </properties>
                </test-case>
                <test-case id="1101" name="Dispose_ReleasesOwnedTextureAndIsIdempotent" fullname="Pono.HideSeek.Tests.EditModeRendering.CpuInkVisualBackendTests.Dispose_ReleasesOwnedTextureAndIsIdempotent" methodname="Dispose_ReleasesOwnedTextureAndIsIdempotent" classname="Pono.HideSeek.Tests.EditModeRendering.CpuInkVisualBackendTests" runstate="Runnable" seed="690685067" result="Passed" start-time="2026-07-24 07:28:16Z" end-time="2026-07-24 07:28:16Z" duration="0.000552" asserts="0">
                  <properties>
                    <property name="retryIteration" value="0" />
                    <property name="repeatIteration" value="0" />
                  </properties>
                </test-case>
                <test-case id="1097" name="InjectAndTick_UploadVisiblePigmentIntoTexture" fullname="Pono.HideSeek.Tests.EditModeRendering.CpuInkVisualBackendTests.InjectAndTick_UploadVisiblePigmentIntoTexture" methodname="InjectAndTick_UploadVisiblePigmentIntoTexture" classname="Pono.HideSeek.Tests.EditModeRendering.CpuInkVisualBackendTests" runstate="Runnable" seed="1914439361" result="Passed" start-time="2026-07-24 07:28:16Z" end-time="2026-07-24 07:28:16Z" duration="0.000519" asserts="0">
                  <properties>
                    <property name="retryIteration" value="0" />
                    <property name="repeatIteration" value="0" />
                  </properties>
                </test-case>
                <test-case id="1100" name="PigmentFade_EventuallyClearsAlphaAndRgbCompletely" fullname="Pono.HideSeek.Tests.EditModeRendering.CpuInkVisualBackendTests.PigmentFade_EventuallyClearsAlphaAndRgbCompletely" methodname="PigmentFade_EventuallyClearsAlphaAndRgbCompletely" classname="Pono.HideSeek.Tests.EditModeRendering.CpuInkVisualBackendTests" runstate="Runnable" seed="1299635098" result="Passed" start-time="2026-07-24 07:28:16Z" end-time="2026-07-24 07:28:16Z" duration="0.011120" asserts="0">
                  <properties>
                    <property name="retryIteration" value="0" />
                    <property name="repeatIteration" value="0" />
                  </properties>
                </test-case>
                <test-case id="1098" name="Reset_ClearsUploadedAndPendingPigment" fullname="Pono.HideSeek.Tests.EditModeRendering.CpuInkVisualBackendTests.Reset_ClearsUploadedAndPendingPigment" methodname="Reset_ClearsUploadedAndPendingPigment" classname="Pono.HideSeek.Tests.EditModeRendering.CpuInkVisualBackendTests" runstate="Runnable" seed="392081646" result="Passed" start-time="2026-07-24 07:28:16Z" end-time="2026-07-24 07:28:16Z" duration="0.000745" asserts="0">
                  <properties>
                    <property name="retryIteration" value="0" />
                    <property name="repeatIteration" value="0" />
                  </properties>
                </test-case>
              </test-suite>
              <test-suite type="TestFixture" id="1102" name="FluidInkPresenterTests" fullname="Pono.HideSeek.Tests.EditModeRendering.FluidInkPresenterTests" classname="Pono.HideSeek.Tests.EditModeRendering.FluidInkPresenterTests" runstate="Runnable" testcasecount="3" result="Passed" start-time="2026-07-24 07:28:16Z" end-time="2026-07-24 07:28:16Z" duration="0.022385" total="3" passed="3" failed="0" inconclusive="0" skipped="0" asserts="0">
                <properties />
                <test-case id="1104" name="CpuFallback_InjectResetAndReduceMotionRemainSafe" fullname="Pono.HideSeek.Tests.EditModeRendering.FluidInkPresenterTests.CpuFallback_InjectResetAndReduceMotionRemainSafe" methodname="CpuFallback_InjectResetAndReduceMotionRemainSafe" classname="Pono.HideSeek.Tests.EditModeRendering.FluidInkPresenterTests" runstate="Runnable" seed="2123293115" result="Passed" start-time="2026-07-24 07:28:16Z" end-time="2026-07-24 07:28:16Z" duration="0.018833" asserts="0">
                  <properties>
                    <property name="retryIteration" value="0" />
                    <property name="repeatIteration" value="0" />
                  </properties>
                </test-case>
                <test-case id="1105" name="Destroy_ReleasesCpuTextureAndRuntimeMaterial" fullname="Pono.HideSeek.Tests.EditModeRendering.FluidInkPresenterTests.Destroy_ReleasesCpuTextureAndRuntimeMaterial" methodname="Destroy_ReleasesCpuTextureAndRuntimeMaterial" classname="Pono.HideSeek.Tests.EditModeRendering.FluidInkPresenterTests" runstate="Runnable" seed="1326285317" result="Passed" start-time="2026-07-24 07:28:16Z" end-time="2026-07-24 07:28:16Z" duration="0.000700" asserts="0">
                  <properties>
                    <property name="retryIteration" value="0" />
                    <property name="repeatIteration" value="0" />
                  </properties>
                </test-case>
                <test-case id="1103" name="Initialize_WithComputeDisabledPolicy_UsesSafeCpuFallback" fullname="Pono.HideSeek.Tests.EditModeRendering.FluidInkPresenterTests.Initialize_WithComputeDisabledPolicy_UsesSafeCpuFallback" methodname="Initialize_WithComputeDisabledPolicy_UsesSafeCpuFallback" classname="Pono.HideSeek.Tests.EditModeRendering.FluidInkPresenterTests" runstate="Runnable" seed="1698720464" result="Passed" start-time="2026-07-24 07:28:16Z" end-time="2026-07-24 07:28:16Z" duration="0.001000" asserts="0">
                  <properties>
                    <property name="retryIteration" value="0" />
                    <property name="repeatIteration" value="0" />
                  </properties>
                </test-case>
              </test-suite>
              <test-suite type="TestFixture" id="1106" name="HideSeekStageCatalogTests" fullname="Pono.HideSeek.Tests.EditModeRendering.HideSeekStageCatalogTests" classname="Pono.HideSeek.Tests.EditModeRendering.HideSeekStageCatalogTests" runstate="Runnable" testcasecount="4" result="Passed" start-time="2026-07-24 07:28:16Z" end-time="2026-07-24 07:28:16Z" duration="0.039834" total="4" passed="4" failed="0" inconclusive="0" skipped="0" asserts="0">
                <properties />
                <test-case id="1109" name="Catalog_ChildFacingNamesContainKanaAndNoKanji" fullname="Pono.HideSeek.Tests.EditModeRendering.HideSeekStageCatalogTests.Catalog_ChildFacingNamesContainKanaAndNoKanji" methodname="Catalog_ChildFacingNamesContainKanaAndNoKanji" classname="Pono.HideSeek.Tests.EditModeRendering.HideSeekStageCatalogTests" runstate="Runnable" seed="898342496" result="Passed" start-time="2026-07-24 07:28:16Z" end-time="2026-07-24 07:28:16Z" duration="0.001002" asserts="0">
                  <properties>
                    <property name="retryIteration" value="0" />
                    <property name="repeatIteration" value="0" />
                  </properties>
                </test-case>
                <test-case id="1108" name="Catalog_CreatureGeometryStaysInsideNormalizedStage" fullname="Pono.HideSeek.Tests.EditModeRendering.HideSeekStageCatalogTests.Catalog_CreatureGeometryStaysInsideNormalizedStage" methodname="Catalog_CreatureGeometryStaysInsideNormalizedStage" classname="Pono.HideSeek.Tests.EditModeRendering.HideSeekStageCatalogTests" runstate="Runnable" seed="1130677073" result="Passed" start-time="2026-07-24 07:28:16Z" end-time="2026-07-24 07:28:16Z" duration="0.001925" asserts="0">
                  <properties>
                    <property name="retryIteration" value="0" />
                    <property name="repeatIteration" value="0" />
                  </properties>
                </test-case>
                <test-case id="1107" name="Catalog_DefinesExactlyThreeUniqueCreatures" fullname="Pono.HideSeek.Tests.EditModeRendering.HideSeekStageCatalogTests.Catalog_DefinesExactlyThreeUniqueCreatures" methodname="Catalog_DefinesExactlyThreeUniqueCreatures" classname="Pono.HideSeek.Tests.EditModeRendering.HideSeekStageCatalogTests" runstate="Runnable" seed="376236530" result="Passed" start-time="2026-07-24 07:28:16Z" end-time="2026-07-24 07:28:16Z" duration="0.000607" asserts="0">
                  <properties>
                    <property name="retryIteration" value="0" />
                    <property name="repeatIteration" value="0" />
                  </properties>
                </test-case>
                <test-case id="1110" name="StageDiscoveryFactory_BuildsThreeValidCoreDefinitions" fullname="Pono.HideSeek.Tests.EditModeRendering.HideSeekStageCatalogTests.StageDiscoveryFactory_BuildsThreeValidCoreDefinitions" methodname="StageDiscoveryFactory_BuildsThreeValidCoreDefinitions" classname="Pono.HideSeek.Tests.EditModeRendering.HideSeekStageCatalogTests" runstate="Runnable" seed="1912824979" result="Passed" start-time="2026-07-24 07:28:16Z" end-time="2026-07-24 07:28:16Z" duration="0.032395" asserts="0">
                  <properties>
                    <property name="retryIteration" value="0" />
                    <property name="repeatIteration" value="0" />
                  </properties>
                </test-case>
              </test-suite>
              <test-suite type="TestFixture" id="1111" name="RenderingResourcesTests" fullname="Pono.HideSeek.Tests.EditModeRendering.RenderingResourcesTests" classname="Pono.HideSeek.Tests.EditModeRendering.RenderingResourcesTests" runstate="Runnable" testcasecount="2" result="Failed" site="Child" start-time="2026-07-24 07:28:16Z" end-time="2026-07-24 07:28:16Z" duration="0.003813" total="2" passed="1" failed="1" inconclusive="0" skipped="0" asserts="0">
                <properties />
                <failure>
                  <message><![CDATA[One or more child tests had errors]]></message>
                </failure>
                <test-case id="1113" name="FluidInkCompute_IsLoadableAndContainsEveryRuntimeKernel" fullname="Pono.HideSeek.Tests.EditModeRendering.RenderingResourcesTests.FluidInkCompute_IsLoadableAndContainsEveryRuntimeKernel" methodname="FluidInkCompute_IsLoadableAndContainsEveryRuntimeKernel" classname="Pono.HideSeek.Tests.EditModeRendering.RenderingResourcesTests" runstate="Runnable" seed="1949934030" result="Failed" start-time="2026-07-24 07:28:16Z" end-time="2026-07-24 07:28:16Z" duration="0.001686" asserts="0">
                  <properties>
                    <property name="retryIteration" value="0" />
                    <property name="repeatIteration" value="0" />
                  </properties>
                  <failure>
                    <message><![CDATA[  Missing compute kernel: Clear
  Expected: True
  But was:  False
]]></message>
                    <stack-trace><![CDATA[at Pono.HideSeek.Tests.EditModeRendering.RenderingResourcesTests.FluidInkCompute_IsLoadableAndContainsEveryRuntimeKernel () [0x00070] in /Users/ndw_mac/AppDevelopment/pono-asobiba-app/unity/PonoNativeGames/Assets/Pono/Games/HideSeekCreatures/Tests/EditModeRendering/RenderingResourcesTests.cs:43
]]></stack-trace>
                  </failure>
                </test-case>
                <test-case id="1112" name="InkCompositeShader_IsLoadableFromRuntimeResourcesPath" fullname="Pono.HideSeek.Tests.EditModeRendering.RenderingResourcesTests.InkCompositeShader_IsLoadableFromRuntimeResourcesPath" methodname="InkCompositeShader_IsLoadableFromRuntimeResourcesPath" classname="Pono.HideSeek.Tests.EditModeRendering.RenderingResourcesTests" runstate="Runnable" seed="2047478371" result="Passed" start-time="2026-07-24 07:28:16Z" end-time="2026-07-24 07:28:16Z" duration="0.000681" asserts="0">
                  <properties>
                    <property name="retryIteration" value="0" />
                    <property name="repeatIteration" value="0" />
                  </properties>
                </test-case>
              </test-suite>
            </test-suite>
          </test-suite>
        </test-suite>
      </test-suite>
    </test-suite>
    <test-suite type="Assembly" id="1182" name="Pono.KawaGlint.Tests.EditMode.dll" fullname="/Users/ndw_mac/AppDevelopment/pono-asobiba-app/unity/PonoNativeGames/Library/ScriptAssemblies/Pono.KawaGlint.Tests.EditMode.dll" runstate="Runnable" testcasecount="60" result="Passed" start-time="2026-07-24 07:28:16Z" end-time="2026-07-24 07:28:17Z" duration="0.681341" total="60" passed="60" failed="0" inconclusive="0" skipped="0" asserts="0">
      <properties>
        <property name="_PID" value="87432" />
[...]
                  <properties>
                    <property name="retryIteration" value="0" />
                    <property name="repeatIteration" value="0" />
                  </properties>
                </test-case>
              </test-suite>
              <test-suite type="TestFixture" id="1154" name="TsuriCoreEditModeTests" fullname="Pono.KawaGlint.Tests.EditMode.TsuriCoreEditModeTests" classname="Pono.KawaGlint.Tests.EditMode.TsuriCoreEditModeTests" runstate="Runnable" testcasecount="27" result="Passed" start-time="2026-07-24 07:28:17Z" end-time="2026-07-24 07:28:17Z" duration="0.009576" total="27" passed="27" failed="0" inconclusive="0" skipped="0" asserts="0">
                <properties />
                <test-case id="1158" name="Cast_DuringWait_IsNoOp" fullname="Pono.KawaGlint.Tests.EditMode.TsuriCoreEditModeTests.Cast_DuringWait_IsNoOp" methodname="Cast_DuringWait_IsNoOp" classname="Pono.KawaGlint.Tests.EditMode.TsuriCoreEditModeTests" runstate="Runnable" seed="764639427" result="Passed" start-time="2026-07-24 07:28:17Z" end-time="2026-07-24 07:28:17Z" duration="0.002768" asserts="0">
                  <properties>
                    <property name="retryIteration" value="0" />
                    <property name="repeatIteration" value="0" />
                  </properties>
                </test-case>
                <test-case id="1157" name="Cast_FromIdle_TransitionsToWaitWithinRange" fullname="Pono.KawaGlint.Tests.EditMode.TsuriCoreEditModeTests.Cast_FromIdle_TransitionsToWaitWithinRange" methodname="Cast_FromIdle_TransitionsToWaitWithinRange" classname="Pono.KawaGlint.Tests.EditMode.TsuriCoreEditModeTests" runstate="Runnable" seed="644629265" result="Passed" start-time="2026-07-24 07:28:17Z" end-time="2026-07-24 07:28:17Z" duration="0.000178" asserts="0">
                  <properties>
                    <property name="retryIteration" value="0" />
                    <property name="repeatIteration" value="0" />
                  </properties>
                </test-case>
                <test-case id="1159" name="Cast_SwapsMinMaxWhenMaxLessThanMin" fullname="Pono.KawaGlint.Tests.EditMode.TsuriCoreEditModeTests.Cast_SwapsMinMaxWhenMaxLessThanMin" methodname="Cast_SwapsMinMaxWhenMaxLessThanMin" classname="Pono.KawaGlint.Tests.EditMode.TsuriCoreEditModeTests" runstate="Runnable" seed="1894601765" result="Passed" start-time="2026-07-24 07:28:17Z" end-time="2026-07-24 07:28:17Z" duration="0.000080" asserts="0">
                  <properties>
                    <property name="retryIteration" value="0" />
                    <property name="repeatIteration" value="0" />
                  </properties>
                </test-case>
                <test-case id="1175" name="ComputeSpeciesProbabilities_FullPool_MatchesAnalyticRarityAndWeightShares" fullname="Pono.KawaGlint.Tests.EditMode.TsuriCoreEditModeTests.ComputeSpeciesProbabilities_FullPool_MatchesAnalyticRarityAndWeightShares" methodname="ComputeSpeciesProbabilities_FullPool_MatchesAnalyticRarityAndWeightShares" classname="Pono.KawaGlint.Tests.EditMode.TsuriCoreEditModeTests" runstate="Runnable" seed="526103572" result="Passed" start-time="2026-07-24 07:28:17Z" end-time="2026-07-24 07:28:17Z" duration="0.000386" asserts="0">
                  <properties>
                    <property name="retryIteration" value="0" />
                    <property name="repeatIteration" value="0" />
                  </properties>
                </test-case>
                <test-case id="1176" name="ComputeSpeciesProbabilities_SeenSpecies_WeightDecaysBySessionDedupeMul" fullname="Pono.KawaGlint.Tests.EditMode.TsuriCoreEditModeTests.ComputeSpeciesProbabilities_SeenSpecies_WeightDecaysBySessionDedupeMul" methodname="ComputeSpeciesProbabilities_SeenSpecies_WeightDecaysBySessionDedupeMul" classname="Pono.KawaGlint.Tests.EditMode.TsuriCoreEditModeTests" runstate="Runnable" seed="1245502953" result="Passed" start-time="2026-07-24 07:28:17Z" end-time="2026-07-24 07:28:17Z" duration="0.000108" asserts="0">
                  <properties>
                    <property name="retryIteration" value="0" />
                    <property name="repeatIteration" value="0" />
                  </properties>
                </test-case>
                <test-case id="1156" name="CreateSession_InitialShape_IsIdleAndEmpty" fullname="Pono.KawaGlint.Tests.EditMode.TsuriCoreEditModeTests.CreateSession_InitialShape_IsIdleAndEmpty" methodname="CreateSession_InitialShape_IsIdleAndEmpty" classname="Pono.KawaGlint.Tests.EditMode.TsuriCoreEditModeTests" runstate="Runnable" seed="1764030996" result="Passed" start-time="2026-07-24 07:28:17Z" end-time="2026-07-24 07:28:17Z" duration="0.000339" asserts="0">
                  <properties>
                    <property name="retryIteration" value="0" />
                    <property name="repeatIteration" value="0" />
                  </properties>
                </test-case>
                <test-case id="1181" name="IsTugEnabled_Neutral_IsFalse" fullname="Pono.KawaGlint.Tests.EditMode.TsuriCoreEditModeTests.IsTugEnabled_Neutral_IsFalse" methodname="IsTugEnabled_Neutral_IsFalse" classname="Pono.KawaGlint.Tests.EditMode.TsuriCoreEditModeTests" runstate="Runnable" seed="1387638999" result="Passed" start-time="2026-07-24 07:28:17Z" end-time="2026-07-24 07:28:17Z" duration="0.000083" asserts="0">
                  <properties>
                    <property name="retryIteration" value="0" />
                    <property name="repeatIteration" value="0" />
                  </properties>
                </test-case>
                <test-case id="1179" name="NextWaitSecRange_NoMisses_UsesBaseRange" fullname="Pono.KawaGlint.Tests.EditMode.TsuriCoreEditModeTests.NextWaitSecRange_NoMisses_UsesBaseRange" methodname="NextWaitSecRange_NoMisses_UsesBaseRange" classname="Pono.KawaGlint.Tests.EditMode.TsuriCoreEditModeTests" runstate="Runnable" seed="68726388" result="Passed" start-time="2026-07-24 07:28:17Z" end-time="2026-07-24 07:28:17Z" duration="0.000104" asserts="0">
                  <properties>
                    <property name="retryIteration" value="0" />
                    <property name="repeatIteration" value="0" />
                  </properties>
                </test-case>
                <test-case id="1180" name="NextWaitSecRange_WithMisses_UsesShortenedRange" fullname="Pono.KawaGlint.Tests.EditMode.TsuriCoreEditModeTests.NextWaitSecRange_WithMisses_UsesShortenedRange" methodname="NextWaitSecRange_WithMisses_UsesShortenedRange" classname="Pono.KawaGlint.Tests.EditMode.TsuriCoreEditModeTests" runstate="Runnable" seed="230307192" result="Passed" start-time="2026-07-24 07:28:17Z" end-time="2026-07-24 07:28:17Z" duration="0.000052" asserts="0">
                  <properties>
                    <property name="retryIteration" value="0" />
                    <property name="repeatIteration" value="0" />
                  </properties>
                </test-case>
                <test-case id="1178" name="PickSpecies_EmptyPool_ReturnsNull" fullname="Pono.KawaGlint.Tests.EditMode.TsuriCoreEditModeTests.PickSpecies_EmptyPool_ReturnsNull" methodname="PickSpecies_EmptyPool_ReturnsNull" classname="Pono.KawaGlint.Tests.EditMode.TsuriCoreEditModeTests" runstate="Runnable" seed="340473561" result="Passed" start-time="2026-07-24 07:28:17Z" end-time="2026-07-24 07:28:17Z" duration="0.000065" asserts="0">
                  <properties>
                    <property name="retryIteration" value="0" />
                    <property name="repeatIteration" value="0" />
                  </properties>
                </test-case>
                <test-case id="1177" name="PickSpecies_SameSeed_IsDeterministic" fullname="Pono.KawaGlint.Tests.EditMode.TsuriCoreEditModeTests.PickSpecies_SameSeed_IsDeterministic" methodname="PickSpecies_SameSeed_IsDeterministic" classname="Pono.KawaGlint.Tests.EditMode.TsuriCoreEditModeTests" runstate="Runnable" seed="1184883102" result="Passed" start-time="2026-07-24 07:28:17Z" end-time="2026-07-24 07:28:17Z" duration="0.000161" asserts="0">
                  <properties>
                    <property name="retryIteration" value="0" />
                    <property name="repeatIteration" value="0" />
                  </properties>
                </test-case>
                <test-case id="1174" name="TapHook_And_AutoHook_ResetRendaElapsedSec" fullname="Pono.KawaGlint.Tests.EditMode.TsuriCoreEditModeTests.TapHook_And_AutoHook_ResetRendaElapsedSec" methodname="TapHook_And_AutoHook_ResetRendaElapsedSec" classname="Pono.KawaGlint.Tests.EditMode.TsuriCoreEditModeTests" runstate="Runnable" seed="1337444922" result="Passed" start-time="2026-07-24 07:28:17Z" end-time="2026-07-24 07:28:17Z" duration="0.000373" asserts="0">
                  <properties>
                    <property name="retryIteration" value="0" />
                    <property name="repeatIteration" value="0" />
                  </properties>
                </test-case>
                <test-case id="1165" name="TapHook_OnlyTransitionsFromBite" fullname="Pono.KawaGlint.Tests.EditMode.TsuriCoreEditModeTests.TapHook_OnlyTransitionsFromBite" methodname="TapHook_OnlyTransitionsFromBite" classname="Pono.KawaGlint.Tests.EditMode.TsuriCoreEditModeTests" runstate="Runnable" seed="2042783701" result="Passed" start-time="2026-07-24 07:28:17Z" end-time="2026-07-24 07:28:17Z" duration="0.000112" asserts="0">
                  <properties>
                    <property name="retryIteration" value="0" />
                    <property name="repeatIteration" value="0" />
                  </properties>
                </test-case>
                <test-case id="1166" name="TapRenda_Ayu_TwelveTaps_LandsWithGauge100AndMisses0" fullname="Pono.KawaGlint.Tests.EditMode.TsuriCoreEditModeTests.TapRenda_Ayu_TwelveTaps_LandsWithGauge100AndMisses0" methodname="TapRenda_Ayu_TwelveTaps_LandsWithGauge100AndMisses0" classname="Pono.KawaGlint.Tests.EditMode.TsuriCoreEditModeTests" runstate="Runnable" seed="715232983" result="Passed" start-time="2026-07-24 07:28:17Z" end-time="2026-07-24 07:28:17Z" duration="0.000881" asserts="0">
                  <properties>
                    <property name="retryIteration" value="0" />
                    <property name="repeatIteration" value="0" />
                  </properties>
                </test-case>
                <test-case id="1167" name="TapRenda_GainAppliesRendaGainMul" fullname="Pono.KawaGlint.Tests.EditMode.TsuriCoreEditModeTests.TapRenda_GainAppliesRendaGainMul" methodname="TapRenda_GainAppliesRendaGainMul" classname="Pono.KawaGlint.Tests.EditMode.TsuriCoreEditModeTests" runstate="Runnable" seed="46937898" result="Passed" start-time="2026-07-24 07:28:17Z" end-time="2026-07-24 07:28:17Z" duration="0.000130" asserts="0">
                  <properties>
                    <property name="retryIteration" value="0" />
                    <property name="repeatIteration" value="0" />
                  </properties>
                </test-case>
                <test-case id="1168" name="TapRenda_OnlyValidDuringRenda" fullname="Pono.KawaGlint.Tests.EditMode.TsuriCoreEditModeTests.TapRenda_OnlyValidDuringRenda" methodname="TapRenda_OnlyValidDuringRenda" classname="Pono.KawaGlint.Tests.EditMode.TsuriCoreEditModeTests" runstate="Runnable" seed="1164078020" result="Passed" start-time="2026-07-24 07:28:17Z" end-time="2026-07-24 07:28:17Z" duration="0.000084" asserts="0">
                  <properties>
                    <property name="retryIteration" value="0" />
                    <property name="repeatIteration" value="0" />
                  </properties>
                </test-case>
                <test-case id="1172" name="TapRenda_ResetsFloorHeldSec" fullname="Pono.KawaGlint.Tests.EditMode.TsuriCoreEditModeTests.TapRenda_ResetsFloorHeldSec" methodname="TapRenda_ResetsFloorHeldSec" classname="Pono.KawaGlint.Tests.EditMode.TsuriCoreEditModeTests" runstate="Runnable" seed="1402694193" result="Passed" start-time="2026-07-24 07:28:17Z" end-time="2026-07-24 07:28:17Z" duration="0.000054" asserts="0">
                  <properties>
                    <property name="retryIteration" value="0" />
                    <property name="repeatIteration" value="0" />
                  </properties>
                </test-case>
                <test-case id="1164" name="Tick_Bite_Timeout_TransitionsEscaped_WithMissesAndPity" fullname="Pono.KawaGlint.Tests.EditMode.TsuriCoreEditModeTests.Tick_Bite_Timeout_TransitionsEscaped_WithMissesAndPity" methodname="Tick_Bite_Timeout_TransitionsEscaped_WithMissesAndPity" classname="Pono.KawaGlint.Tests.EditMode.TsuriCoreEditModeTests" runstate="Runnable" seed="597871342" result="Passed" start-time="2026-07-24 07:28:17Z" end-time="2026-07-24 07:28:17Z" duration="0.000583" asserts="0">
                  <properties>
                    <property name="retryIteration" value="0" />
                    <property name="repeatIteration" value="0" />
                  </properties>
                </test-case>
                <test-case id="1171" name="Tick_Renda_Expert_NeverAutoLandsFromFloorHelp" fullname="Pono.KawaGlint.Tests.EditMode.TsuriCoreEditModeTests.Tick_Renda_Expert_NeverAutoLandsFromFloorHelp" methodname="Tick_Renda_Expert_NeverAutoLandsFromFloorHelp" classname="Pono.KawaGlint.Tests.EditMode.TsuriCoreEditModeTests" runstate="Runnable" seed="1809762053" result="Passed" start-time="2026-07-24 07:28:17Z" end-time="2026-07-24 07:28:17Z" duration="0.000114" asserts="0">
                  <properties>
                    <property name="retryIteration" value="0" />
                    <property name="repeatIteration" value="0" />
                  </properties>
                </test-case>
                <test-case id="1169" name="Tick_Renda_GaugeNeverDropsBelowFloor_AndAccumulatesFloorHeldSec" fullname="Pono.KawaGlint.Tests.EditMode.TsuriCoreEditModeTests.Tick_Renda_GaugeNeverDropsBelowFloor_AndAccumulatesFloorHeldSec" methodname="Tick_Renda_GaugeNeverDropsBelowFloor_AndAccumulatesFloorHeldSec" classname="Pono.KawaGlint.Tests.EditMode.TsuriCoreEditModeTests" runstate="Runnable" seed="907234997" result="Passed" start-time="2026-07-24 07:28:17Z" end-time="2026-07-24 07:28:17Z" duration="0.000069" asserts="0">
                  <properties>
                    <property name="retryIteration" value="0" />
                    <property name="repeatIteration" value="0" />
                  </properties>
                </test-case>
                <test-case id="1170" name="Tick_Renda_Relaxed_HelpAfterFloor10Sec_LandsAutomatically" fullname="Pono.KawaGlint.Tests.EditMode.TsuriCoreEditModeTests.Tick_Renda_Relaxed_HelpAfterFloor10Sec_LandsAutomatically" methodname="Tick_Renda_Relaxed_HelpAfterFloor10Sec_LandsAutomatically" classname="Pono.KawaGlint.Tests.EditMode.TsuriCoreEditModeTests" runstate="Runnable" seed="187603533" result="Passed" start-time="2026-07-24 07:28:17Z" end-time="2026-07-24 07:28:17Z" duration="0.000146" asserts="0">
                  <properties>
                    <property name="retryIteration" value="0" />
                    <property name="repeatIteration" value="0" />
                  </properties>
                </test-case>
                <test-case id="1173" name="Tick_Renda_Relaxed_TimeBasedHelp_RescuesSlowTapper" fullname="Pono.KawaGlint.Tests.EditMode.TsuriCoreEditModeTests.Tick_Renda_Relaxed_TimeBasedHelp_RescuesSlowTapper" methodname="Tick_Renda_Relaxed_TimeBasedHelp_RescuesSlowTapper" classname="Pono.KawaGlint.Tests.EditMode.TsuriCoreEditModeTests" runstate="Runnable" seed="1149641722" result="Passed" start-time="2026-07-24 07:28:17Z" end-time="2026-07-24 07:28:17Z" duration="0.000303" asserts="0">
                  <properties>
                    <property name="retryIteration" value="0" />
                    <property name="repeatIteration" value="0" />
                  </properties>
                </test-case>
                <test-case id="1160" name="Tick_Wait_Completes_TransitionsToBite_WithNeutralWindow" fullname="Pono.KawaGlint.Tests.EditMode.TsuriCoreEditModeTests.Tick_Wait_Completes_TransitionsToBite_WithNeutralWindow" methodname="Tick_Wait_Completes_TransitionsToBite_WithNeutralWindow" classname="Pono.KawaGlint.Tests.EditMode.TsuriCoreEditModeTests" runstate="Runnable" seed="2119581338" result="Passed" start-time="2026-07-24 07:28:17Z" end-time="2026-07-24 07:28:17Z" duration="0.000093" asserts="0">
                  <properties>
                    <property name="retryIteration" value="0" />
                    <property name="repeatIteration" value="0" />
                  </properties>
                </test-case>
                <test-case id="1162" name="Tick_Wait_Completes_WithExactlyTwoMisses_WindowIsDoubled" fullname="Pono.KawaGlint.Tests.EditMode.TsuriCoreEditModeTests.Tick_Wait_Completes_WithExactlyTwoMisses_WindowIsDoubled" methodname="Tick_Wait_Completes_WithExactlyTwoMisses_WindowIsDoubled" classname="Pono.KawaGlint.Tests.EditMode.TsuriCoreEditModeTests" runstate="Runnable" seed="358552742" result="Passed" start-time="2026-07-24 07:28:17Z" end-time="2026-07-24 07:28:17Z" duration="0.000062" asserts="0">
                  <properties>
                    <property name="retryIteration" value="0" />
                    <property name="repeatIteration" value="0" />
                  </properties>
                </test-case>
                <test-case id="1161" name="Tick_Wait_Completes_WithPity20Pct_WindowIs2Point4" fullname="Pono.KawaGlint.Tests.EditMode.TsuriCoreEditModeTests.Tick_Wait_Completes_WithPity20Pct_WindowIs2Point4" methodname="Tick_Wait_Completes_WithPity20Pct_WindowIs2Point4" classname="Pono.KawaGlint.Tests.EditMode.TsuriCoreEditModeTests" runstate="Runnable" seed="390489315" result="Passed" start-time="2026-07-24 07:28:17Z" end-time="2026-07-24 07:28:17Z" duration="0.000066" asserts="0">
                  <properties>
                    <property name="retryIteration" value="0" />
                    <property name="repeatIteration" value="0" />
                  </properties>
                </test-case>
                <test-case id="1163" name="Tick_Wait_Completes_WithThreeMisses_AutoHooksToRendaWithoutWindowDouble" fullname="Pono.KawaGlint.Tests.EditMode.TsuriCoreEditModeTests.Tick_Wait_Completes_WithThreeMisses_AutoHooksToRendaWithoutWindowDouble" methodname="Tick_Wait_Completes_WithThreeMisses_AutoHooksToRendaWithoutWindowDouble" classname="Pono.KawaGlint.Tests.EditMode.TsuriCoreEditModeTests" runstate="Runnable" seed="1116073348" result="Passed" start-time="2026-07-24 07:28:17Z" end-time="2026-07-24 07:28:17Z" duration="0.000082" asserts="0">
                  <properties>
                    <property name="retryIteration" value="0" />
                    <property name="repeatIteration" value="0" />
                  </properties>
                </test-case>
                <test-case id="1155" name="TuningConstants_MatchSpec" fullname="Pono.KawaGlint.Tests.EditMode.TsuriCoreEditModeTests.TuningConstants_MatchSpec" methodname="TuningConstants_MatchSpec" classname="Pono.KawaGlint.Tests.EditMode.TsuriCoreEditModeTests" runstate="Runnable" seed="132486749" result="Passed" start-time="2026-07-24 07:28:17Z" end-time="2026-07-24 07:28:17Z" duration="0.000259" asserts="0">
                  <properties>
                    <property name="retryIteration" value="0" />
                    <property name="repeatIteration" value="0" />
                  </properties>
                  <output><![CDATA[Saving results to: /Users/ndw_mac/Library/Application Support/Kodama no Mori/ポノのあそびば/TestResults.xml
]]></output>
                </test-case>
              </test-suite>
            </test-suite>
          </test-suite>
        </test-suite>
      </test-suite>
    </test-suite>
  </test-suite>
</test-run>