<?xml version="1.0" encoding="utf-8"?>
<test-run id="2" testcasecount="23" result="Passed" total="23" passed="23" failed="0" inconclusive="0" skipped="0" asserts="0" engine-version="3.5.0.0" clr-version="4.0.30319.42000" start-time="2026-07-10 12:42:43Z" end-time="2026-07-10 12:42:53Z" duration="9.281147">
  <test-suite type="TestSuite" id="1031" name="ポノの マーブルラン" fullname="ポノの マーブルラン" runstate="Runnable" testcasecount="23" result="Passed" start-time="2026-07-10 12:42:43Z" end-time="2026-07-10 12:42:53Z" duration="9.281147" total="23" passed="23" failed="0" inconclusive="0" skipped="0" asserts="0">
    <properties>
      <property name="platform" value="PlayMode" />
    </properties>
    <test-suite type="Assembly" id="1025" name="Pono.MarbleRun.Tests.PlayMode.dll" fullname="/Users/ndw_mac/AppDevelopment/pono-asobiba-app/unity/PonoMarbleRun3D/Library/ScriptAssemblies/Pono.MarbleRun.Tests.PlayMode.dll" runstate="Runnable" testcasecount="23" result="Passed" start-time="2026-07-10 12:42:43Z" end-time="2026-07-10 12:42:53Z" duration="9.278140" total="23" passed="23" failed="0" inconclusive="0" skipped="0" asserts="0">
      <properties>
        <property name="_PID" value="38078" />
        <property name="_APPDOMAIN" value="Unity Child Domain" />
        <property name="platform" value="PlayMode" />
        <property name="EditorOnly" value="False" />
      </properties>
      <test-suite type="TestSuite" id="1026" name="Pono" fullname="Pono" runstate="Runnable" testcasecount="23" result="Passed" start-time="2026-07-10 12:42:43Z" end-time="2026-07-10 12:42:53Z" duration="9.278028" total="23" passed="23" failed="0" inconclusive="0" skipped="0" asserts="0">
        <properties />
        <test-suite type="TestSuite" id="1027" name="MarbleRun3D" fullname="Pono.MarbleRun3D" runstate="Runnable" testcasecount="23" result="Passed" start-time="2026-07-10 12:42:43Z" end-time="2026-07-10 12:42:53Z" duration="9.277978" total="23" passed="23" failed="0" inconclusive="0" skipped="0" asserts="0">
          <properties />
          <test-suite type="TestSuite" id="1028" name="Tests" fullname="Pono.MarbleRun3D.Tests" runstate="Runnable" testcasecount="23" result="Passed" start-time="2026-07-10 12:42:43Z" end-time="2026-07-10 12:42:53Z" duration="9.277929" total="23" passed="23" failed="0" inconclusive="0" skipped="0" asserts="0">
            <properties />
            <test-suite type="TestSuite" id="1029" name="PlayMode" fullname="Pono.MarbleRun3D.Tests.PlayMode" runstate="Runnable" testcasecount="23" result="Passed" start-time="2026-07-10 12:42:43Z" end-time="2026-07-10 12:42:53Z" duration="9.277858" total="23" passed="23" failed="0" inconclusive="0" skipped="0" asserts="0">
              <properties />
              <test-suite type="TestFixture" id="1001" name="MarbleRunRuntimePlayModeTests" fullname="Pono.MarbleRun3D.Tests.PlayMode.MarbleRunRuntimePlayModeTests" classname="Pono.MarbleRun3D.Tests.PlayMode.MarbleRunRuntimePlayModeTests" runstate="Runnable" testcasecount="23" result="Passed" start-time="2026-07-10 12:42:43Z" end-time="2026-07-10 12:42:53Z" duration="9.277317" total="23" passed="23" failed="0" inconclusive="0" skipped="0" asserts="0">
                <properties />
                <test-case id="1002" name="BootstrapCreatesMenuCameraUiAndNoRunningPhysics" fullname="Pono.MarbleRun3D.Tests.PlayMode.MarbleRunRuntimePlayModeTests.BootstrapCreatesMenuCameraUiAndNoRunningPhysics" methodname="BootstrapCreatesMenuCameraUiAndNoRunningPhysics" classname="Pono.MarbleRun3D.Tests.PlayMode.MarbleRunRuntimePlayModeTests" runstate="Runnable" seed="1396347950" result="Passed" start-time="2026-07-10 12:42:43Z" end-time="2026-07-10 12:42:43Z" duration="0.131068" asserts="0">
                  <properties>
                    <property name="_JOINTYPE" value="UnityCombinatorial" />
                    <property name="retryIteration" value="0" />
                    <property name="repeatIteration" value="0" />
                  </properties>
                </test-case>
                <test-case id="1022" name="CameraOrbitAndZoomStayInChildSafeBounds" fullname="Pono.MarbleRun3D.Tests.PlayMode.MarbleRunRuntimePlayModeTests.CameraOrbitAndZoomStayInChildSafeBounds" methodname="CameraOrbitAndZoomStayInChildSafeBounds" classname="Pono.MarbleRun3D.Tests.PlayMode.MarbleRunRuntimePlayModeTests" runstate="Runnable" seed="2007517145" result="Passed" start-time="2026-07-10 12:42:43Z" end-time="2026-07-10 12:42:43Z" duration="0.031952" asserts="0">
                  <properties>
                    <property name="_JOINTYPE" value="UnityCombinatorial" />
                    <property name="retryIteration" value="0" />
                    <property name="repeatIteration" value="0" />
                  </properties>
                </test-case>
                <test-case id="1009" name="ColoredMarblePoolLaunchesAndResetsWithoutDuplication" fullname="Pono.MarbleRun3D.Tests.PlayMode.MarbleRunRuntimePlayModeTests.ColoredMarblePoolLaunchesAndResetsWithoutDuplication" methodname="ColoredMarblePoolLaunchesAndResetsWithoutDuplication" classname="Pono.MarbleRun3D.Tests.PlayMode.MarbleRunRuntimePlayModeTests" runstate="Runnable" seed="1463469792" result="Passed" start-time="2026-07-10 12:42:43Z" end-time="2026-07-10 12:42:48Z" duration="4.513770" asserts="0">
                  <properties>
                    <property name="_JOINTYPE" value="UnityCombinatorial" />
                    <property name="retryIteration" value="0" />
                    <property name="repeatIteration" value="0" />
                  </properties>
                </test-case>
                <test-case id="1023" name="CriticalUiTargetsRemainInsideSafeAreaAtSixteenNineFourThreeAndTwentyNine" fullname="Pono.MarbleRun3D.Tests.PlayMode.MarbleRunRuntimePlayModeTests.CriticalUiTargetsRemainInsideSafeAreaAtSixteenNineFourThreeAndTwentyNine" methodname="CriticalUiTargetsRemainInsideSafeAreaAtSixteenNineFourThreeAndTwentyNine" classname="Pono.MarbleRun3D.Tests.PlayMode.MarbleRunRuntimePlayModeTests" runstate="Runnable" seed="238837973" result="Passed" start-time="2026-07-10 12:42:48Z" end-time="2026-07-10 12:42:48Z" duration="0.020507" asserts="0">
                  <properties>
                    <property name="_JOINTYPE" value="UnityCombinatorial" />
                    <property name="retryIteration" value="0" />
                    <property name="repeatIteration" value="0" />
                  </properties>
                </test-case>
                <test-case id="1019" name="EverySampleCourseIsConnectedEditableAndFramesTheCamera" fullname="Pono.MarbleRun3D.Tests.PlayMode.MarbleRunRuntimePlayModeTests.EverySampleCourseIsConnectedEditableAndFramesTheCamera" methodname="EverySampleCourseIsConnectedEditableAndFramesTheCamera" classname="Pono.MarbleRun3D.Tests.PlayMode.MarbleRunRuntimePlayModeTests" runstate="Runnable" seed="2017980053" result="Passed" start-time="2026-07-10 12:42:48Z" end-time="2026-07-10 12:42:48Z" duration="0.037759" asserts="0">
                  <properties>
                    <property name="_JOINTYPE" value="UnityCombinatorial" />
                    <property name="retryIteration" value="0" />
                    <property name="repeatIteration" value="0" />
                  </properties>
                </test-case>
                <test-case id="1004" name="FourHeightLevelsCanBeSelectedShownAndUsedAtOneGridCell" fullname="Pono.MarbleRun3D.Tests.PlayMode.MarbleRunRuntimePlayModeTests.FourHeightLevelsCanBeSelectedShownAndUsedAtOneGridCell" methodname="FourHeightLevelsCanBeSelectedShownAndUsedAtOneGridCell" classname="Pono.MarbleRun3D.Tests.PlayMode.MarbleRunRuntimePlayModeTests" runstate="Runnable" seed="515203610" result="Passed" start-time="2026-07-10 12:42:48Z" end-time="2026-07-10 12:42:48Z" duration="0.018773" asserts="0">
                  <properties>
                    <property name="_JOINTYPE" value="UnityCombinatorial" />
                    <property name="retryIteration" value="0" />
                    <property name="repeatIteration" value="0" />
                  </properties>
                </test-case>
                <test-case id="1012" name="GoalCelebrationChangesCameraLightAndReturnsToEdit" fullname="Pono.MarbleRun3D.Tests.PlayMode.MarbleRunRuntimePlayModeTests.GoalCelebrationChangesCameraLightAndReturnsToEdit" methodname="GoalCelebrationChangesCameraLightAndReturnsToEdit" classname="Pono.MarbleRun3D.Tests.PlayMode.MarbleRunRuntimePlayModeTests" runstate="Runnable" seed="865730577" result="Passed" start-time="2026-07-10 12:42:48Z" end-time="2026-07-10 12:42:48Z" duration="0.143125" asserts="0">
                  <properties>
                    <property name="_JOINTYPE" value="UnityCombinatorial" />
                    <property name="retryIteration" value="0" />
                    <property name="repeatIteration" value="0" />
                  </properties>
                </test-case>
                <test-case id="1011" name="GoalCountsEachActiveMarbleOnceAndCelebratesAfterTheLast" fullname="Pono.MarbleRun3D.Tests.PlayMode.MarbleRunRuntimePlayModeTests.GoalCountsEachActiveMarbleOnceAndCelebratesAfterTheLast" methodname="GoalCountsEachActiveMarbleOnceAndCelebratesAfterTheLast" classname="Pono.MarbleRun3D.Tests.PlayMode.MarbleRunRuntimePlayModeTests" runstate="Runnable" seed="1770199369" result="Passed" start-time="2026-07-10 12:42:48Z" end-time="2026-07-10 12:42:50Z" duration="2.264632" asserts="0">
                  <properties>
                    <property name="_JOINTYPE" value="UnityCombinatorial" />
                    <property name="retryIteration" value="0" />
                    <property name="repeatIteration" value="0" />
                  </properties>
                </test-case>
                <test-case id="1016" name="HelixStepsAndLiftCreateTrueMultiLevelCourseViews" fullname="Pono.MarbleRun3D.Tests.PlayMode.MarbleRunRuntimePlayModeTests.HelixStepsAndLiftCreateTrueMultiLevelCourseViews" methodname="HelixStepsAndLiftCreateTrueMultiLevelCourseViews" classname="Pono.MarbleRun3D.Tests.PlayMode.MarbleRunRuntimePlayModeTests" runstate="Runnable" seed="822184464" result="Passed" start-time="2026-07-10 12:42:50Z" end-time="2026-07-10 12:42:50Z" duration="0.032129" asserts="0">
                  <properties>
                    <property name="_JOINTYPE" value="UnityCombinatorial" />
                    <property name="retryIteration" value="0" />
                    <property name="repeatIteration" value="0" />
                  </properties>
                </test-case>
                <test-case id="1021" name="HighSpeedContinuousMarbleDoesNotTunnelThroughThinWall" fullname="Pono.MarbleRun3D.Tests.PlayMode.MarbleRunRuntimePlayModeTests.HighSpeedContinuousMarbleDoesNotTunnelThroughThinWall" methodname="HighSpeedContinuousMarbleDoesNotTunnelThroughThinWall" classname="Pono.MarbleRun3D.Tests.PlayMode.MarbleRunRuntimePlayModeTests" runstate="Runnable" seed="1075852096" result="Passed" start-time="2026-07-10 12:42:50Z" end-time="2026-07-10 12:42:51Z" duration="0.537516" asserts="0">
                  <properties>
                    <property name="_JOINTYPE" value="UnityCombinatorial" />
                    <property name="retryIteration" value="0" />
                    <property name="repeatIteration" value="0" />
                  </properties>
                </test-case>
                <test-case id="1015" name="MechanismsExposeDynamicBodiesAndRestoreWhenEditingResumes" fullname="Pono.MarbleRun3D.Tests.PlayMode.MarbleRunRuntimePlayModeTests.MechanismsExposeDynamicBodiesAndRestoreWhenEditingResumes" methodname="MechanismsExposeDynamicBodiesAndRestoreWhenEditingResumes" classname="Pono.MarbleRun3D.Tests.PlayMode.MarbleRunRuntimePlayModeTests" runstate="Runnable" seed="16435600" result="Passed" start-time="2026-07-10 12:42:51Z" end-time="2026-07-10 12:42:51Z" duration="0.034088" asserts="0">
                  <properties>
                    <property name="_JOINTYPE" value="UnityCombinatorial" />
                    <property name="retryIteration" value="0" />
                    <property name="repeatIteration" value="0" />
                  </properties>
                </test-case>
                <test-case id="1018" name="NewVarietyViewsExposeTallTransparentWavyAndMovingGeometry" fullname="Pono.MarbleRun3D.Tests.PlayMode.MarbleRunRuntimePlayModeTests.NewVarietyViewsExposeTallTransparentWavyAndMovingGeometry" methodname="NewVarietyViewsExposeTallTransparentWavyAndMovingGeometry" classname="Pono.MarbleRun3D.Tests.PlayMode.MarbleRunRuntimePlayModeTests" runstate="Runnable" seed="659126575" result="Passed" start-time="2026-07-10 12:42:51Z" end-time="2026-07-10 12:42:51Z" duration="0.021031" asserts="0">
                  <properties>
                    <property name="_JOINTYPE" value="UnityCombinatorial" />
                    <property name="retryIteration" value="0" />
                    <property name="repeatIteration" value="0" />
                  </properties>
                </test-case>
                <test-case id="1007" name="PaletteDragHandlesMouseAndTouchStylePointerEvents" fullname="Pono.MarbleRun3D.Tests.PlayMode.MarbleRunRuntimePlayModeTests.PaletteDragHandlesMouseAndTouchStylePointerEvents" methodname="PaletteDragHandlesMouseAndTouchStylePointerEvents" classname="Pono.MarbleRun3D.Tests.PlayMode.MarbleRunRuntimePlayModeTests" runstate="Runnable" seed="1571986116" result="Passed" start-time="2026-07-10 12:42:51Z" end-time="2026-07-10 12:42:51Z" duration="0.016874" asserts="0">
                  <properties>
                    <property name="_JOINTYPE" value="UnityCombinatorial" />
                    <property name="retryIteration" value="0" />
                    <property name="repeatIteration" value="0" />
                  </properties>
                </test-case>
                <test-case id="1010" name="PauseFreezesMarbleAndAllDynamicMechanisms" fullname="Pono.MarbleRun3D.Tests.PlayMode.MarbleRunRuntimePlayModeTests.PauseFreezesMarbleAndAllDynamicMechanisms" methodname="PauseFreezesMarbleAndAllDynamicMechanisms" classname="Pono.MarbleRun3D.Tests.PlayMode.MarbleRunRuntimePlayModeTests" runstate="Runnable" seed="1585911291" result="Passed" start-time="2026-07-10 12:42:51Z" end-time="2026-07-10 12:42:52Z" duration="1.252502" asserts="0">
                  <properties>
                    <property name="_JOINTYPE" value="UnityCombinatorial" />
                    <property name="retryIteration" value="0" />
                    <property name="repeatIteration" value="0" />
                  </properties>
                </test-case>
                <test-case id="1013" name="PausingCelebrationKeepsResumeAboveGoalPanel" fullname="Pono.MarbleRun3D.Tests.PlayMode.MarbleRunRuntimePlayModeTests.PausingCelebrationKeepsResumeAboveGoalPanel" methodname="PausingCelebrationKeepsResumeAboveGoalPanel" classname="Pono.MarbleRun3D.Tests.PlayMode.MarbleRunRuntimePlayModeTests" runstate="Runnable" seed="476653101" result="Passed" start-time="2026-07-10 12:42:52Z" end-time="2026-07-10 12:42:52Z" duration="0.021969" asserts="0">
                  <properties>
                    <property name="_JOINTYPE" value="UnityCombinatorial" />
                    <property name="retryIteration" value="0" />
                    <property name="repeatIteration" value="0" />
                  </properties>
                </test-case>
                <test-case id="1005" name="PlaceRotateDeleteUndoAndClearRemainEditable" fullname="Pono.MarbleRun3D.Tests.PlayMode.MarbleRunRuntimePlayModeTests.PlaceRotateDeleteUndoAndClearRemainEditable" methodname="PlaceRotateDeleteUndoAndClearRemainEditable" classname="Pono.MarbleRun3D.Tests.PlayMode.MarbleRunRuntimePlayModeTests" runstate="Runnable" seed="939505011" result="Passed" start-time="2026-07-10 12:42:52Z" end-time="2026-07-10 12:42:52Z" duration="0.021276" asserts="0">
                  <properties>
                    <property name="_JOINTYPE" value="UnityCombinatorial" />
                    <property name="retryIteration" value="0" />
                    <property name="repeatIteration" value="0" />
                  </properties>
                </test-case>
                <test-case id="1024" name="RuntimeMarbleUsesTunedCcdAndPhysicsValues" fullname="Pono.MarbleRun3D.Tests.PlayMode.MarbleRunRuntimePlayModeTests.RuntimeMarbleUsesTunedCcdAndPhysicsValues" methodname="RuntimeMarbleUsesTunedCcdAndPhysicsValues" classname="Pono.MarbleRun3D.Tests.PlayMode.MarbleRunRuntimePlayModeTests" runstate="Runnable" seed="1824489732" result="Passed" start-time="2026-07-10 12:42:52Z" end-time="2026-07-10 12:42:52Z" duration="0.036560" asserts="0">
                  <properties>
                    <property name="_JOINTYPE" value="UnityCombinatorial" />
                    <property name="retryIteration" value="0" />
                    <property name="repeatIteration" value="0" />
                  </properties>
                </test-case>
                <test-case id="1006" name="SampleChooserLoadsEditableCourseAndExplainsClockwiseRotation" fullname="Pono.MarbleRun3D.Tests.PlayMode.MarbleRunRuntimePlayModeTests.SampleChooserLoadsEditableCourseAndExplainsClockwiseRotation" methodname="SampleChooserLoadsEditableCourseAndExplainsClockwiseRotation" classname="Pono.MarbleRun3D.Tests.PlayMode.MarbleRunRuntimePlayModeTests" runstate="Runnable" seed="281891236" result="Passed" start-time="2026-07-10 12:42:52Z" end-time="2026-07-10 12:42:52Z" duration="0.031499" asserts="0">
                  <properties>
                    <property name="_JOINTYPE" value="UnityCombinatorial" />
                    <property name="retryIteration" value="0" />
                    <property name="repeatIteration" value="0" />
                  </properties>
                </test-case>
                <test-case id="1020" name="SaveLoadRoundTripRestoresAndAllowsFurtherEditing" fullname="Pono.MarbleRun3D.Tests.PlayMode.MarbleRunRuntimePlayModeTests.SaveLoadRoundTripRestoresAndAllowsFurtherEditing" methodname="SaveLoadRoundTripRestoresAndAllowsFurtherEditing" classname="Pono.MarbleRun3D.Tests.PlayMode.MarbleRunRuntimePlayModeTests" runstate="Runnable" seed="259096997" result="Passed" start-time="2026-07-10 12:42:52Z" end-time="2026-07-10 12:42:52Z" duration="0.021129" asserts="0">
                  <properties>
                    <property name="_JOINTYPE" value="UnityCombinatorial" />
                    <property name="retryIteration" value="0" />
                    <property name="repeatIteration" value="0" />
                  </properties>
                </test-case>
                <test-case id="1003" name="StarterButtonLoadsConnectedRichEditableCourseAndFramesItsHeight" fullname="Pono.MarbleRun3D.Tests.PlayMode.MarbleRunRuntimePlayModeTests.StarterButtonLoadsConnectedRichEditableCourseAndFramesItsHeight" methodname="StarterButtonLoadsConnectedRichEditableCourseAndFramesItsHeight" classname="Pono.MarbleRun3D.Tests.PlayMode.MarbleRunRuntimePlayModeTests" runstate="Runnable" seed="1825600148" result="Passed" start-time="2026-07-10 12:42:52Z" end-time="2026-07-10 12:42:53Z" duration="0.019698" asserts="0">
                  <properties>
                    <property name="_JOINTYPE" value="UnityCombinatorial" />
                    <property name="retryIteration" value="0" />
                    <property name="repeatIteration" value="0" />
                  </properties>
                </test-case>
                <test-case id="1017" name="TornadoAndElevatorSamplesLoadConnectedNewPieceCourses" fullname="Pono.MarbleRun3D.Tests.PlayMode.MarbleRunRuntimePlayModeTests.TornadoAndElevatorSamplesLoadConnectedNewPieceCourses" methodname="TornadoAndElevatorSamplesLoadConnectedNewPieceCourses" classname="Pono.MarbleRun3D.Tests.PlayMode.MarbleRunRuntimePlayModeTests" runstate="Runnable" seed="2018368696" result="Passed" start-time="2026-07-10 12:42:53Z" end-time="2026-07-10 12:42:53Z" duration="0.023329" asserts="0">
                  <properties>
                    <property name="_JOINTYPE" value="UnityCombinatorial" />
                    <property name="retryIteration" value="0" />
                    <property name="repeatIteration" value="0" />
                  </properties>
                </test-case>
                <test-case id="1014" name="TutorialReachesTryInstructionAfterConnectedCourse" fullname="Pono.MarbleRun3D.Tests.PlayMode.MarbleRunRuntimePlayModeTests.TutorialReachesTryInstructionAfterConnectedCourse" methodname="TutorialReachesTryInstructionAfterConnectedCourse" classname="Pono.MarbleRun3D.Tests.PlayMode.MarbleRunRuntimePlayModeTests" runstate="Runnable" seed="1886276201" result="Passed" start-time="2026-07-10 12:42:53Z" end-time="2026-07-10 12:42:53Z" duration="0.021174" asserts="0">
                  <properties>
                    <property name="_JOINTYPE" value="UnityCombinatorial" />
                    <property name="retryIteration" value="0" />
                    <property name="repeatIteration" value="0" />
                  </properties>
                </test-case>
                <test-case id="1008" name="VerticalPaletteDragScrollsInsteadOfPlacing" fullname="Pono.MarbleRun3D.Tests.PlayMode.MarbleRunRuntimePlayModeTests.VerticalPaletteDragScrollsInsteadOfPlacing" methodname="VerticalPaletteDragScrollsInsteadOfPlacing" classname="Pono.MarbleRun3D.Tests.PlayMode.MarbleRunRuntimePlayModeTests" runstate="Runnable" seed="759571340" result="Passed" start-time="2026-07-10 12:42:53Z" end-time="2026-07-10 12:42:53Z" duration="0.018740" asserts="0">
                  <properties>
                    <property name="_JOINTYPE" value="UnityCombinatorial" />
                    <property name="retryIteration" value="0" />
                    <property name="repeatIteration" value="0" />
                  </properties>
                  <output><![CDATA[<b><color=#2EA3FF>MCP-FOR-UNITY</color></b>: [TestRunnerNoThrottle] Restored Interaction Mode after test run.
Saving results to: /Users/ndw_mac/AppDevelopment/pono-asobiba-app/unity/PonoMarbleRun3D/TestResults/PlayMode.xml
]]></output>
                </test-case>
              </test-suite>
            </test-suite>
          </test-suite>
        </test-suite>
      </test-suite>
    </test-suite>
  </test-suite>
</test-run>